#
# A fatal error has been detected by the Java Runtime Environment:
#
#  EXCEPTION_ACCESS_VIOLATION (0xc0000005) at pc=0x0000000000000000, pid=17200, tid=19636
#
# JRE version: OpenJDK Runtime Environment Temurin-17.0.7+7 (17.0.7+7) (build 17.0.7+7)
# Java VM: OpenJDK 64-Bit Server VM Temurin-17.0.7+7 (17.0.7+7, mixed mode, tiered, compressed oops, compressed class ptrs, g1 gc, windows-amd64)
# Problematic frame:
# C  0x0000000072933f11
#
# No core dump will be written. Minidumps are not enabled by default on client versions of Windows
#
# If you would like to submit a bug report, please visit:
#   https://github.com/adoptium/adoptium-support/issues
# The crash happened outside the Java Virtual Machine in native code.
# See problematic frame for where to report the bug.
#

---------------  S U M M A R Y ------------

Command Line: -Djava.library.path= -Djava.system.class.loader=org.scilab.modules.jvm.ScilabClassLoader -Xshare:off --add-opens=java.desktop/javax.swing.plaf.basic=ALL-UNNAMED --add-opens=java.base/java.lang=ALL-UNNAMED --add-opens=java.base/jdk.internal.loader=ALL-UNNAMED --add-opens=java.base/java.lang.reflect=ALL-UNNAMED -Djava.util.logging.config.file=C:\Users\kun\sourceNSU\scilab-2026.0.1/etc/logging.properties -Xrs -Djogamp.gluegen.UseTempJarCache=false 

Host: 11th Gen Intel(R) Core(TM) i5-1135G7 @ 2.40GHz, 8 cores, 7G,  Windows 10 , 64 bit Build 19041 (10.0.19041.5915)
Time: Thu Mar 19 11:30:01 2026  Windows 10 , 64 bit Build 19041 (10.0.19041.5915) elapsed time: 1926.194368 seconds (0d 0h 32m 6s)

---------------  T H R E A D  ---------------

Current thread (0x000000002513dcf0):  JavaThread "Finalizer" daemon [_thread_in_native, id=19636, stack(0x0000000052d20000,0x0000000054bb0000)]

Stack: [0x0000000052d20000,0x0000000054bb0000],  sp=0x0000000054baf590,  free space=31293k
Native frames: (J=compiled Java code, j=interpreted, Vv=VM code, C=native code)

Java frames: (J=compiled Java code, j=interpreted, Vv=VM code)
J 10954  org.scilab.modules.xcos.JavaControllerJNI.Controller_deleteObject(JLorg/scilab/modules/xcos/Controller;J)V (0 bytes) @ 0x000000003247a37a [0x000000003247a320+0x000000000000005a]
J 10435 c1 org.scilab.modules.xcos.Controller.deleteObject(J)V (10 bytes) @ 0x000000002b58d1a4 [0x000000002b58d120+0x0000000000000084]
J 10434 c1 org.scilab.modules.xcos.graph.model.ScicosObjectOwner.finalize()V (17 bytes) @ 0x000000002b58cc7c [0x000000002b58c9e0+0x000000000000029c]
J 10958 c2 java.lang.ref.Finalizer.runFinalizer(Ljdk/internal/access/JavaLangAccess;)V java.base@17.0.7 (131 bytes) @ 0x000000003247babc [0x000000003247b820+0x000000000000029c]
j  java.lang.ref.Finalizer$FinalizerThread.run()V+46 java.base@17.0.7
v  ~StubRoutines::call_stub

siginfo: EXCEPTION_ACCESS_VIOLATION (0xc0000005), data execution prevention violation at address 0x0000000000000000


Register to memory mapping:

RIP=0x0 is NULL
RAX=0x0000000000000001 is an unknown value
RBX=0x000000006f00ae00 points into unknown readable memory: 0x0000000000000001 | 01 00 00 00 00 00 00 00
RCX=0x00000000022844c0 is pointing into the stack for thread: 0x0000000024a7c0b0
RDX=0x0000000054baf5d8 is pointing into the stack for thread: 0x000000002513dcf0
RSP=0x0000000054baf588 is pointing into the stack for thread: 0x000000002513dcf0
RBP=0x0000000054baf640 is pointing into the stack for thread: 0x000000002513dcf0
RSI=0x000000007edf6e68 points into unknown readable memory: 0x000000000227efd0 | d0 ef 27 02 00 00 00 00
RDI=0x000000007edf6e60 points into unknown readable memory: 0x000000000228ccb0 | b0 cc 28 02 00 00 00 00
R8 =0x0000000000000001 is an unknown value
R9 =0x000000000000002b is an unknown value
R10=0x0 is NULL
R11=0x0000000054baf560 is pointing into the stack for thread: 0x000000002513dcf0
R12=0x0 is NULL
R13=0x0000000054baf7b8 is pointing into the stack for thread: 0x000000002513dcf0
R14=0x000000006f00ae0c points into unknown readable memory: 2d 00 00 00
R15=0x000000002513dcf0 is a thread


Registers:
RAX=0x0000000000000001, RBX=0x000000006f00ae00, RCX=0x00000000022844c0, RDX=0x0000000054baf5d8
RSP=0x0000000054baf588, RBP=0x0000000054baf640, RSI=0x000000007edf6e68, RDI=0x000000007edf6e60
R8 =0x0000000000000001, R9 =0x000000000000002b, R10=0x0000000000000000, R11=0x0000000054baf560
R12=0x0000000000000000, R13=0x0000000054baf7b8, R14=0x000000006f00ae0c, R15=0x000000002513dcf0
RIP=0x0000000000000000, EFLAGS=0x0000000000010293

Top of Stack: (sp=0x0000000054baf588)
0x0000000054baf588:   0000000072933f11 000000006f00ae00
0x0000000054baf598:   000000007edf6e68 000000007edf6e58
0x0000000054baf5a8:   0000000000000080 0000000054baf628
0x0000000054baf5b8:   0000000000007d90 000000004d4b5518
0x0000000054baf5c8:   000000003247a412 0000000000000080
0x0000000054baf5d8:   0000000000000001 0000000000000001
0x0000000054baf5e8:   00007ff954ef47b1 0000000000000001
0x0000000054baf5f8:   00000000728c953e 00000000907406c8
0x0000000054baf608:   0000000000000000 000000002513dcf0
0x0000000054baf618:   0000000054baf680 0000000054baf7b8
0x0000000054baf628:   0000000084d05248 c11f7ffbad7115db
0x0000000054baf638:   00007ff8b975b740 0000000089670508
0x0000000054baf648:   000000002b58d1a4 0000000000007d90
0x0000000054baf658:   0000000040000021 0000000054baf690
0x0000000054baf668:   0000000000000000 000000004d4b5518
0x0000000054baf678:   0000000000180058 00000000907406c8 

Instructions: (pc=0x0000000072933f11)
0x0000000072933e11:   35 0f 1f 40 00 66 66 0f 1f 84 00 00 00 00 00 48
0x0000000072933e21:   8b 0b 48 8d 54 24 40 44 8b 47 08 48 8b 01 4c 8b
0x0000000072933e31:   48 08 48 8b 07 48 89 44 24 40 41 ff d1 48 83 c3
0x0000000072933e41:   08 48 3b de 75 d9 48 8b 5c 24 30 90 48 8b 74 24
0x0000000072933e51:   38 48 8b c7 c7 05 11 c7 0e 00 00 00 00 00 48 83
0x0000000072933e61:   c4 20 5f c3 cc cc cc cc cc cc cc cc cc cc cc 48
0x0000000072933e71:   85 d2 0f 84 00 03 00 00 53 57 48 83 ec 28 48 83
0x0000000072933e81:   3a 00 48 8b da 48 8b f9 0f 84 e4 02 00 00 48 89
0x0000000072933e91:   74 24 50 4c 89 74 24 20 0f 1f 80 00 00 00 00 b8
0x0000000072933ea1:   01 00 00 00 87 05 55 c6 0e 00 85 c0 75 f1 8b 72
0x0000000072933eb1:   08 48 8d 0d 4f c6 0e 00 e8 02 aa 00 00 90 4c 8b
0x0000000072933ec1:   f0 c7 05 34 c6 0e 00 00 00 00 00 8b 08 85 c9 74
0x0000000072933ed1:   59 ff c9 89 08 48 8b 3d b3 c6 0e 00 48 8b 35 b4
0x0000000072933ee1:   c6 0e 00 48 3b fe 0f 84 7c 02 00 00 0f 1f 00 48
0x0000000072933ef1:   8b 0f 48 8d 54 24 48 45 8b 0e 44 8b 43 08 48 8b
0x0000000072933f01:   01 4c 8b 50 18 48 8b 03 48 89 44 24 48 41 ff d2
0x0000000072933f11:   48 83 c7 08 48 3b fe 75 d6 48 8b 74 24 50 4c 8b
0x0000000072933f21:   74 24 20 48 83 c4 28 5f 5b c3 48 89 6c 24 40 83
0x0000000072933f31:   fe 03 75 33 41 b9 01 00 00 00 41 b8 2f 00 00 00
0x0000000072933f41:   48 8b d3 48 8b cf e8 e4 24 00 00 41 b9 01 00 00
0x0000000072933f51:   00 41 b8 30 00 00 00 48 8b d3 48 8b cf e8 cd 24
0x0000000072933f61:   00 00 e9 78 01 00 00 85 f6 75 6b 41 b8 21 00 00
0x0000000072933f71:   00 48 8b d3 48 8b cf e8 03 02 00 00 41 b8 1d 00
0x0000000072933f81:   00 00 48 8b d3 48 8b cf e8 82 02 00 00 41 b8 28
0x0000000072933f91:   00 00 00 48 8b d3 48 8b cf e8 71 02 00 00 41 b8
0x0000000072933fa1:   10 00 00 00 48 8b d3 48 8b cf e8 60 02 00 00 41
0x0000000072933fb1:   b8 11 00 00 00 48 8b d3 48 8b cf e8 4f 02 00 00
0x0000000072933fc1:   41 b8 01 00 00 00 48 8b d3 48 8b cf e8 3e 02 00
0x0000000072933fd1:   00 e9 5e ff ff ff 83 fe 01 75 27 41 b9 30 00 00
0x0000000072933fe1:   00 44 8b c6 48 8b d3 48 8b cf e8 f0 21 00 00 44
0x0000000072933ff1:   8b c6 48 8b d3 48 8b cf e8 12 02 00 00 e9 dd 00
0x0000000072934001:   00 00 83 fe 02 75 44 41 b8 21 00 00 00 48 8b d3 


Stack slot to memory mapping:
stack at sp + 0 slots: 0x000000006f00ae00 points into unknown readable memory: 0x0000000000000001 | 01 00 00 00 00 00 00 00
stack at sp + 1 slots: 0x000000007edf6e68 points into unknown readable memory: 0x000000000227efd0 | d0 ef 27 02 00 00 00 00
stack at sp + 2 slots: 0x000000007edf6e58 points into unknown readable memory: 0x0000000156b03fd0 | d0 3f b0 56 01 00 00 00
stack at sp + 3 slots: 0x0000000000000080 is an unknown value
stack at sp + 4 slots: 0x0000000054baf628 is pointing into the stack for thread: 0x000000002513dcf0
stack at sp + 5 slots: 0x0000000000007d90 is an unknown value
stack at sp + 6 slots: {method} {0x000000004d4b5520} 'finalize' '()V' in 'org/scilab/modules/xcos/graph/model/ScicosObjectOwner'
stack at sp + 7 slots: 0x000000003247a412 is at entry_point+242 in (nmethod*)0x000000003247a190


---------------  P R O C E S S  ---------------

Threads class SMR info:
_java_thread_list=0x0000000155fe4bd0, length=28, elements={
0x0000000024a7c0b0, 0x000000002513d020, 0x000000002513dcf0, 0x000000002515ccb0,
0x000000002515f580, 0x0000000025160250, 0x0000000025162660, 0x0000000025162f60,
0x0000000025163860, 0x00000000604446d0, 0x0000000060479260, 0x00000000609ae030,
0x0000000060831d10, 0x00000000608321e0, 0x00000000609da9f0, 0x000000006e136040,
0x000000007f955ac0, 0x000000007efefdf0, 0x000000007eff0790, 0x000000007eff1ad0,
0x000000007eff1600, 0x0000000160830750, 0x000000016082ea70, 0x000000016082ef40,
0x0000000160832430, 0x000000016082bf20, 0x000000007eb94db0, 0x000000007eb90a50
}

Java Threads: ( => current thread )
  0x0000000024a7c0b0 JavaThread "main" [_thread_in_native, id=12496, stack(0x0000000000400000,0x0000000002290000)]
  0x000000002513d020 JavaThread "Reference Handler" daemon [_thread_blocked, id=12216, stack(0x0000000050e90000,0x0000000052d20000)]
=>0x000000002513dcf0 JavaThread "Finalizer" daemon [_thread_in_native, id=19636, stack(0x0000000052d20000,0x0000000054bb0000)]
  0x000000002515ccb0 JavaThread "Attach Listener" daemon [_thread_blocked, id=14776, stack(0x0000000054bb0000,0x0000000056a40000)]
  0x000000002515f580 JavaThread "Service Thread" daemon [_thread_blocked, id=19116, stack(0x0000000056a40000,0x00000000588d0000)]
  0x0000000025160250 JavaThread "Monitor Deflation Thread" daemon [_thread_blocked, id=6840, stack(0x00000000588d0000,0x000000005a760000)]
  0x0000000025162660 JavaThread "C2 CompilerThread0" daemon [_thread_in_native, id=12688, stack(0x000000005a760000,0x000000005c5f0000)]
  0x0000000025162f60 JavaThread "C1 CompilerThread0" daemon [_thread_blocked, id=16664, stack(0x000000005c5f0000,0x000000005e480000)]
  0x0000000025163860 JavaThread "Sweeper thread" daemon [_thread_blocked, id=1236, stack(0x000000005e480000,0x0000000060310000)]
  0x00000000604446d0 JavaThread "Common-Cleaner" daemon [_thread_blocked, id=15368, stack(0x0000000060b10000,0x00000000629a0000)]
  0x0000000060479260 JavaThread "Notification Thread" daemon [_thread_blocked, id=18192, stack(0x00000000629a0000,0x0000000064830000)]
  0x00000000609ae030 JavaThread "Java2D Disposer" daemon [_thread_blocked, id=19944, stack(0x00000000666c0000,0x0000000068550000)]
  0x0000000060831d10 JavaThread "AWT-Shutdown" [_thread_blocked, id=15432, stack(0x0000000068550000,0x000000006a3e0000)]
  0x00000000608321e0 JavaThread "AWT-Windows" daemon [_thread_in_native, id=19552, stack(0x000000006a3e0000,0x000000006c270000)]
  0x00000000609da9f0 JavaThread "AWT-EventQueue-0" [_thread_in_native, id=19512, stack(0x000000006c270000,0x000000006e100000)]
  0x000000006e136040 JavaThread "main-SharedResourceRunner" daemon [_thread_blocked, id=18924, stack(0x000000006f0d0000,0x0000000070f60000)]
  0x000000007f955ac0 JavaThread "TimerQueue" daemon [_thread_blocked, id=10728, stack(0x00000001532a0000,0x0000000155130000)]
  0x000000007efefdf0 JavaThread "FileSystemWatchService" daemon [_thread_in_native, id=16780, stack(0x000000014d6f0000,0x000000014f580000)]
  0x000000007eff0790 JavaThread "SwingWorker-pool-2-thread-1" daemon [_thread_blocked, id=3084, stack(0x0000000158d50000,0x000000015abe0000)]
  0x000000007eff1ad0 JavaThread "SwingWorker-pool-2-thread-2" daemon [_thread_blocked, id=17192, stack(0x000000014b860000,0x000000014d6f0000)]
  0x000000007eff1600 JavaThread "SwingWorker-pool-2-thread-3" daemon [_thread_blocked, id=9872, stack(0x0000000156ec0000,0x0000000158d50000)]
  0x0000000160830750 JavaThread "SwingWorker-pool-2-thread-4" daemon [_thread_blocked, id=13724, stack(0x000000016b5f0000,0x000000016d480000)]
  0x000000016082ea70 JavaThread "SwingWorker-pool-2-thread-5" daemon [_thread_blocked, id=19904, stack(0x000000016d480000,0x000000016f310000)]
  0x000000016082ef40 JavaThread "SwingWorker-pool-2-thread-6" daemon [_thread_blocked, id=20488, stack(0x00000001702e0000,0x0000000172170000)]
  0x0000000160832430 JavaThread "Batik CleanerThread" daemon [_thread_blocked, id=20512, stack(0x0000000174000000,0x0000000175e90000)]
  0x000000016082bf20 JavaThread "pool-3-thread-1" [_thread_blocked, id=19516, stack(0x0000000002490000,0x0000000004320000)]
  0x000000007eb94db0 JavaThread "Thread-82" [_thread_blocked, id=4772, stack(0x0000000161760000,0x0000000169760000)]
  0x000000007eb90a50 JavaThread "Image Animator 0" daemon [_thread_blocked, id=12356, stack(0x0000000004320000,0x00000000061b0000)]

Other Threads:
  0x0000000025102350 VMThread "VM Thread" [stack: 0x000000004f000000,0x0000000050e90000] [id=14752]
  0x0000000024f19d50 WatcherThread [stack: 0x0000000064830000,0x00000000666c0000] [id=14896]
  0x0000000024efe100 GCTaskThread "GC Thread#0" [stack: 0x000000003e650000,0x00000000404e0000] [id=768]
  0x000000006e76fce0 GCTaskThread "GC Thread#1" [stack: 0x000000007fff0000,0x0000000081e80000] [id=17208]
  0x000000006e76ff90 GCTaskThread "GC Thread#2" [stack: 0x0000000081e80000,0x0000000083d10000] [id=19104]
  0x000000006e770240 GCTaskThread "GC Thread#3" [stack: 0x0000000140100000,0x0000000141f90000] [id=13196]
  0x000000006e7704f0 GCTaskThread "GC Thread#4" [stack: 0x0000000141f90000,0x0000000143e20000] [id=19136]
  0x000000006e7707a0 GCTaskThread "GC Thread#5" [stack: 0x0000000143e20000,0x0000000145cb0000] [id=3820]
  0x000000006e807600 GCTaskThread "GC Thread#6" [stack: 0x0000000145cb0000,0x0000000147b40000] [id=20436]
  0x000000006e8078b0 GCTaskThread "GC Thread#7" [stack: 0x0000000147b40000,0x00000001499d0000] [id=19420]
  0x0000000024ec1ba0 ConcurrentGCThread "G1 Main Marker" [stack: 0x00000000404e0000,0x0000000042370000] [id=3892]
  0x0000000024f14180 ConcurrentGCThread "G1 Conc#0" [stack: 0x0000000042370000,0x0000000044200000] [id=15956]
  0x000000006f08fa80 ConcurrentGCThread "G1 Conc#1" [stack: 0x000000014f580000,0x0000000151410000] [id=17436]
  0x0000000024f756a0 ConcurrentGCThread "G1 Refine#0" [stack: 0x0000000046a80000,0x0000000048910000] [id=18684]
  0x00000000606ecce0 ConcurrentGCThread "G1 Refine#1" [stack: 0x00000001499d0000,0x000000014b860000] [id=18248]
  0x0000000024f75ed0 ConcurrentGCThread "G1 Service" [stack: 0x0000000048910000,0x000000004a7a0000] [id=20460]

Threads with active compile tasks:
C2 CompilerThread0  1926253 16623       4       javax.swing.text.html.parser.Parser::startTag (185 bytes)

VM state: not at safepoint (normal execution)

VM Mutex/Monitor currently owned by a thread: None

Heap address: 0x0000000084400000, size: 1980 MB, Compressed Oops mode: 32-bit

CDS archive(s) not mapped
Compressed class space mapped at: 0x0000000100000000-0x0000000140000000, reserved size: 1073741824
Narrow klass base: 0x0000000000000000, Narrow klass shift: 3, Narrow klass range: 0x140000000

GC Precious Log:
 CPUs: 8 total, 8 available
 Memory: 7914M
 Large Page Support: Disabled
 NUMA Support: Disabled
 Compressed Oops: Enabled (32-bit)
 Heap Region Size: 1M
 Heap Min Capacity: 8M
 Heap Initial Capacity: 124M
 Heap Max Capacity: 1980M
 Pre-touch: Disabled
 Parallel Workers: 8
 Concurrent Workers: 2
 Concurrent Refinement Workers: 8
 Periodic GC: Disabled

Heap:
 garbage-first heap   total 200704K, used 64167K [0x0000000084400000, 0x0000000100000000)
  region size 1024K, 9 young (9216K), 3 survivors (3072K)
 Metaspace       used 71408K, committed 72000K, reserved 1114112K
  class space    used 8397K, committed 8640K, reserved 1048576K

Heap Regions: E=young(eden), S=young(survivor), O=old, HS=humongous(starts), HC=humongous(continues), CS=collection set, F=free, OA=open archive, CA=closed archive, TAMS=top-at-mark-start (previous, next)
|   0|0x0000000084400000, 0x0000000084500000, 0x0000000084500000|100%| O|  |TAMS 0x0000000084500000, 0x0000000084400000| Untracked 
|   1|0x0000000084500000, 0x0000000084600000, 0x0000000084600000|100%| O|  |TAMS 0x0000000084600000, 0x0000000084500000| Untracked 
|   2|0x0000000084600000, 0x0000000084700000, 0x0000000084700000|100%| O|  |TAMS 0x0000000084700000, 0x0000000084600000| Untracked 
|   3|0x0000000084700000, 0x0000000084800000, 0x0000000084800000|100%| O|  |TAMS 0x0000000084800000, 0x0000000084700000| Untracked 
|   4|0x0000000084800000, 0x0000000084900000, 0x0000000084900000|100%| O|  |TAMS 0x0000000084900000, 0x0000000084800000| Untracked 
|   5|0x0000000084900000, 0x0000000084a00000, 0x0000000084a00000|100%| O|  |TAMS 0x0000000084a00000, 0x0000000084900000| Untracked 
|   6|0x0000000084a00000, 0x0000000084b00000, 0x0000000084b00000|100%| O|  |TAMS 0x0000000084b00000, 0x0000000084a00000| Untracked 
|   7|0x0000000084b00000, 0x0000000084c00000, 0x0000000084c00000|100%| O|  |TAMS 0x0000000084c00000, 0x0000000084b00000| Untracked 
|   8|0x0000000084c00000, 0x0000000084d00000, 0x0000000084d00000|100%| O|  |TAMS 0x0000000084d00000, 0x0000000084c00000| Untracked 
|   9|0x0000000084d00000, 0x0000000084e00000, 0x0000000084e00000|100%| O|  |TAMS 0x0000000084e00000, 0x0000000084d00000| Untracked 
|  10|0x0000000084e00000, 0x0000000084f00000, 0x0000000084f00000|100%| O|  |TAMS 0x0000000084f00000, 0x0000000084e00000| Untracked 
|  11|0x0000000084f00000, 0x0000000085000000, 0x0000000085000000|100%| O|  |TAMS 0x0000000085000000, 0x0000000084f00000| Untracked 
|  12|0x0000000085000000, 0x0000000085100000, 0x0000000085100000|100%| O|  |TAMS 0x0000000085100000, 0x0000000085000000| Untracked 
|  13|0x0000000085100000, 0x0000000085200000, 0x0000000085200000|100%| O|  |TAMS 0x0000000085200000, 0x0000000085100000| Untracked 
|  14|0x0000000085200000, 0x0000000085300000, 0x0000000085300000|100%| O|  |TAMS 0x0000000085300000, 0x0000000085200000| Untracked 
|  15|0x0000000085300000, 0x0000000085300000, 0x0000000085400000|  0%| F|  |TAMS 0x0000000085300000, 0x0000000085300000| Untracked 
|  16|0x0000000085400000, 0x0000000085500000, 0x0000000085500000|100%| O|  |TAMS 0x0000000085500000, 0x0000000085400000| Untracked 
|  17|0x0000000085500000, 0x0000000085600000, 0x0000000085600000|100%| O|  |TAMS 0x0000000085600000, 0x0000000085500000| Untracked 
|  18|0x0000000085600000, 0x0000000085700000, 0x0000000085700000|100%| O|  |TAMS 0x0000000085700000, 0x0000000085600000| Untracked 
|  19|0x0000000085700000, 0x0000000085800000, 0x0000000085800000|100%| O|  |TAMS 0x0000000085800000, 0x0000000085700000| Untracked 
|  20|0x0000000085800000, 0x0000000085900000, 0x0000000085900000|100%| O|  |TAMS 0x0000000085900000, 0x0000000085800000| Untracked 
|  21|0x0000000085900000, 0x0000000085a00000, 0x0000000085a00000|100%| O|  |TAMS 0x0000000085a00000, 0x0000000085900000| Untracked 
|  22|0x0000000085a00000, 0x0000000085b00000, 0x0000000085b00000|100%| O|  |TAMS 0x0000000085b00000, 0x0000000085a00000| Untracked 
|  23|0x0000000085b00000, 0x0000000085c00000, 0x0000000085c00000|100%| O|  |TAMS 0x0000000085c00000, 0x0000000085b00000| Untracked 
|  24|0x0000000085c00000, 0x0000000085d00000, 0x0000000085d00000|100%| O|  |TAMS 0x0000000085d00000, 0x0000000085c00000| Untracked 
|  25|0x0000000085d00000, 0x0000000085e00000, 0x0000000085e00000|100%| O|  |TAMS 0x0000000085e00000, 0x0000000085d00000| Untracked 
|  26|0x0000000085e00000, 0x0000000085f00000, 0x0000000085f00000|100%| O|  |TAMS 0x0000000085f00000, 0x0000000085e00000| Untracked 
|  27|0x0000000085f00000, 0x0000000086000000, 0x0000000086000000|100%| O|  |TAMS 0x0000000086000000, 0x0000000085f00000| Complete 
|  28|0x0000000086000000, 0x0000000086100000, 0x0000000086100000|100%| O|  |TAMS 0x0000000086100000, 0x0000000086000000| Untracked 
|  29|0x0000000086100000, 0x0000000086200000, 0x0000000086200000|100%| O|  |TAMS 0x0000000086200000, 0x0000000086100000| Complete 
|  30|0x0000000086200000, 0x0000000086300000, 0x0000000086300000|100%| O|  |TAMS 0x0000000086300000, 0x0000000086200000| Untracked 
|  31|0x0000000086300000, 0x0000000086400000, 0x0000000086400000|100%| O|  |TAMS 0x0000000086400000, 0x0000000086300000| Untracked 
|  32|0x0000000086400000, 0x0000000086500000, 0x0000000086500000|100%| O|  |TAMS 0x0000000086500000, 0x0000000086400000| Untracked 
|  33|0x0000000086500000, 0x0000000086600000, 0x0000000086600000|100%| O|  |TAMS 0x0000000086600000, 0x0000000086500000| Untracked 
|  34|0x0000000086600000, 0x0000000086700000, 0x0000000086700000|100%| O|  |TAMS 0x0000000086700000, 0x0000000086600000| Untracked 
|  35|0x0000000086700000, 0x0000000086800000, 0x0000000086800000|100%| O|  |TAMS 0x0000000086800000, 0x0000000086700000| Untracked 
|  36|0x0000000086800000, 0x0000000086800000, 0x0000000086900000|  0%| F|  |TAMS 0x0000000086800000, 0x0000000086800000| Untracked 
|  37|0x0000000086900000, 0x0000000086a00000, 0x0000000086a00000|100%|HS|  |TAMS 0x0000000086a00000, 0x0000000086900000| Complete 
|  38|0x0000000086a00000, 0x0000000086b00000, 0x0000000086b00000|100%|HC|  |TAMS 0x0000000086b00000, 0x0000000086a00000| Complete 
|  39|0x0000000086b00000, 0x0000000086c00000, 0x0000000086c00000|100%|HC|  |TAMS 0x0000000086c00000, 0x0000000086b00000| Complete 
|  40|0x0000000086c00000, 0x0000000086d00000, 0x0000000086d00000|100%|HC|  |TAMS 0x0000000086d00000, 0x0000000086c00000| Complete 
|  41|0x0000000086d00000, 0x0000000086e00000, 0x0000000086e00000|100%|HC|  |TAMS 0x0000000086e00000, 0x0000000086d00000| Complete 
|  42|0x0000000086e00000, 0x0000000086f00000, 0x0000000086f00000|100%|HC|  |TAMS 0x0000000086f00000, 0x0000000086e00000| Complete 
|  43|0x0000000086f00000, 0x0000000087000000, 0x0000000087000000|100%|HC|  |TAMS 0x0000000087000000, 0x0000000086f00000| Complete 
|  44|0x0000000087000000, 0x0000000087100000, 0x0000000087100000|100%|HC|  |TAMS 0x0000000087100000, 0x0000000087000000| Complete 
|  45|0x0000000087100000, 0x0000000087200000, 0x0000000087200000|100%| O|  |TAMS 0x0000000087200000, 0x0000000087100000| Untracked 
|  46|0x0000000087200000, 0x0000000087300000, 0x0000000087300000|100%| O|  |TAMS 0x0000000087300000, 0x0000000087200000| Untracked 
|  47|0x0000000087300000, 0x0000000087300000, 0x0000000087400000|  0%| F|  |TAMS 0x0000000087300000, 0x0000000087300000| Untracked 
|  48|0x0000000087400000, 0x0000000087500000, 0x0000000087500000|100%|HS|  |TAMS 0x0000000087500000, 0x0000000087400000| Complete 
|  49|0x0000000087500000, 0x0000000087600000, 0x0000000087600000|100%|HC|  |TAMS 0x0000000087600000, 0x0000000087500000| Complete 
|  50|0x0000000087600000, 0x0000000087700000, 0x0000000087700000|100%|HC|  |TAMS 0x0000000087700000, 0x0000000087600000| Complete 
|  51|0x0000000087700000, 0x0000000087800000, 0x0000000087800000|100%|HC|  |TAMS 0x0000000087800000, 0x0000000087700000| Complete 
|  52|0x0000000087800000, 0x0000000087900000, 0x0000000087900000|100%|HC|  |TAMS 0x0000000087900000, 0x0000000087800000| Complete 
|  53|0x0000000087900000, 0x0000000087a00000, 0x0000000087a00000|100%|HC|  |TAMS 0x0000000087a00000, 0x0000000087900000| Complete 
|  54|0x0000000087a00000, 0x0000000087b00000, 0x0000000087b00000|100%|HC|  |TAMS 0x0000000087b00000, 0x0000000087a00000| Complete 
|  55|0x0000000087b00000, 0x0000000087b00000, 0x0000000087c00000|  0%| F|  |TAMS 0x0000000087b00000, 0x0000000087b00000| Untracked 
|  56|0x0000000087c00000, 0x0000000087c00000, 0x0000000087d00000|  0%| F|  |TAMS 0x0000000087c00000, 0x0000000087c00000| Untracked 
|  57|0x0000000087d00000, 0x0000000087d00000, 0x0000000087e00000|  0%| F|  |TAMS 0x0000000087d00000, 0x0000000087d00000| Untracked 
|  58|0x0000000087e00000, 0x0000000087e00000, 0x0000000087f00000|  0%| F|  |TAMS 0x0000000087e00000, 0x0000000087e00000| Untracked 
|  59|0x0000000087f00000, 0x0000000087f00000, 0x0000000088000000|  0%| F|  |TAMS 0x0000000087f00000, 0x0000000087f00000| Untracked 
|  60|0x0000000088000000, 0x0000000088000000, 0x0000000088100000|  0%| F|  |TAMS 0x0000000088000000, 0x0000000088000000| Untracked 
|  61|0x0000000088100000, 0x0000000088100000, 0x0000000088200000|  0%| F|  |TAMS 0x0000000088100000, 0x0000000088100000| Untracked 
|  62|0x0000000088200000, 0x0000000088200000, 0x0000000088300000|  0%| F|  |TAMS 0x0000000088200000, 0x0000000088200000| Untracked 
|  63|0x0000000088300000, 0x0000000088300000, 0x0000000088400000|  0%| F|  |TAMS 0x0000000088300000, 0x0000000088300000| Untracked 
|  64|0x0000000088400000, 0x000000008848f200, 0x0000000088500000| 55%| O|  |TAMS 0x000000008848f200, 0x0000000088400000| Untracked 
|  65|0x0000000088500000, 0x0000000088500000, 0x0000000088600000|  0%| F|  |TAMS 0x0000000088500000, 0x0000000088500000| Untracked 
|  66|0x0000000088600000, 0x0000000088600000, 0x0000000088700000|  0%| F|  |TAMS 0x0000000088600000, 0x0000000088600000| Untracked 
|  67|0x0000000088700000, 0x0000000088800000, 0x0000000088800000|100%| O|  |TAMS 0x0000000088800000, 0x0000000088700000| Untracked 
|  68|0x0000000088800000, 0x0000000088900000, 0x0000000088900000|100%| O|  |TAMS 0x0000000088900000, 0x0000000088800000| Untracked 
|  69|0x0000000088900000, 0x0000000088900000, 0x0000000088a00000|  0%| F|  |TAMS 0x0000000088900000, 0x0000000088900000| Untracked 
|  70|0x0000000088a00000, 0x0000000088a00000, 0x0000000088b00000|  0%| F|  |TAMS 0x0000000088a00000, 0x0000000088a00000| Untracked 
|  71|0x0000000088b00000, 0x0000000088b00000, 0x0000000088c00000|  0%| F|  |TAMS 0x0000000088b00000, 0x0000000088b00000| Untracked 
|  72|0x0000000088c00000, 0x0000000088c00000, 0x0000000088d00000|  0%| F|  |TAMS 0x0000000088c00000, 0x0000000088c00000| Untracked 
|  73|0x0000000088d00000, 0x0000000088e00000, 0x0000000088e00000|100%| O|  |TAMS 0x0000000088e00000, 0x0000000088d00000| Untracked 
|  74|0x0000000088e00000, 0x0000000088e00000, 0x0000000088f00000|  0%| F|  |TAMS 0x0000000088e00000, 0x0000000088e00000| Untracked 
|  75|0x0000000088f00000, 0x0000000088f00000, 0x0000000089000000|  0%| F|  |TAMS 0x0000000088f00000, 0x0000000088f00000| Untracked 
|  76|0x0000000089000000, 0x0000000089000000, 0x0000000089100000|  0%| F|  |TAMS 0x0000000089000000, 0x0000000089000000| Untracked 
|  77|0x0000000089100000, 0x0000000089100000, 0x0000000089200000|  0%| F|  |TAMS 0x0000000089100000, 0x0000000089100000| Untracked 
|  78|0x0000000089200000, 0x0000000089200000, 0x0000000089300000|  0%| F|  |TAMS 0x0000000089200000, 0x0000000089200000| Untracked 
|  79|0x0000000089300000, 0x0000000089300000, 0x0000000089400000|  0%| F|  |TAMS 0x0000000089300000, 0x0000000089300000| Untracked 
|  80|0x0000000089400000, 0x0000000089400000, 0x0000000089500000|  0%| F|  |TAMS 0x0000000089400000, 0x0000000089400000| Untracked 
|  81|0x0000000089500000, 0x000000008951ac58, 0x0000000089600000| 10%| S|CS|TAMS 0x0000000089500000, 0x0000000089500000| Complete 
|  82|0x0000000089600000, 0x0000000089700000, 0x0000000089700000|100%| S|CS|TAMS 0x0000000089600000, 0x0000000089600000| Complete 
|  83|0x0000000089700000, 0x0000000089800000, 0x0000000089800000|100%| S|CS|TAMS 0x0000000089700000, 0x0000000089700000| Complete 
|  84|0x0000000089800000, 0x0000000089800000, 0x0000000089900000|  0%| F|  |TAMS 0x0000000089800000, 0x0000000089800000| Untracked 
|  85|0x0000000089900000, 0x0000000089900000, 0x0000000089a00000|  0%| F|  |TAMS 0x0000000089900000, 0x0000000089900000| Untracked 
|  86|0x0000000089a00000, 0x0000000089a00000, 0x0000000089b00000|  0%| F|  |TAMS 0x0000000089a00000, 0x0000000089a00000| Untracked 
|  87|0x0000000089b00000, 0x0000000089b00000, 0x0000000089c00000|  0%| F|  |TAMS 0x0000000089b00000, 0x0000000089b00000| Untracked 
|  88|0x0000000089c00000, 0x0000000089c00000, 0x0000000089d00000|  0%| F|  |TAMS 0x0000000089c00000, 0x0000000089c00000| Untracked 
|  89|0x0000000089d00000, 0x0000000089d00000, 0x0000000089e00000|  0%| F|  |TAMS 0x0000000089d00000, 0x0000000089d00000| Untracked 
|  90|0x0000000089e00000, 0x0000000089e00000, 0x0000000089f00000|  0%| F|  |TAMS 0x0000000089e00000, 0x0000000089e00000| Untracked 
|  91|0x0000000089f00000, 0x0000000089f00000, 0x000000008a000000|  0%| F|  |TAMS 0x0000000089f00000, 0x0000000089f00000| Untracked 
|  92|0x000000008a000000, 0x000000008a000000, 0x000000008a100000|  0%| F|  |TAMS 0x000000008a000000, 0x000000008a000000| Untracked 
|  93|0x000000008a100000, 0x000000008a100000, 0x000000008a200000|  0%| F|  |TAMS 0x000000008a100000, 0x000000008a100000| Untracked 
|  94|0x000000008a200000, 0x000000008a200000, 0x000000008a300000|  0%| F|  |TAMS 0x000000008a200000, 0x000000008a200000| Untracked 
|  95|0x000000008a300000, 0x000000008a300000, 0x000000008a400000|  0%| F|  |TAMS 0x000000008a300000, 0x000000008a300000| Untracked 
|  96|0x000000008a400000, 0x000000008a400000, 0x000000008a500000|  0%| F|  |TAMS 0x000000008a400000, 0x000000008a400000| Untracked 
|  97|0x000000008a500000, 0x000000008a500000, 0x000000008a600000|  0%| F|  |TAMS 0x000000008a500000, 0x000000008a500000| Untracked 
|  98|0x000000008a600000, 0x000000008a600000, 0x000000008a700000|  0%| F|  |TAMS 0x000000008a600000, 0x000000008a600000| Untracked 
|  99|0x000000008a700000, 0x000000008a700000, 0x000000008a800000|  0%| F|  |TAMS 0x000000008a700000, 0x000000008a700000| Untracked 
| 100|0x000000008a800000, 0x000000008a800000, 0x000000008a900000|  0%| F|  |TAMS 0x000000008a800000, 0x000000008a800000| Untracked 
| 101|0x000000008a900000, 0x000000008a900000, 0x000000008aa00000|  0%| F|  |TAMS 0x000000008a900000, 0x000000008a900000| Untracked 
| 102|0x000000008aa00000, 0x000000008aa00000, 0x000000008ab00000|  0%| F|  |TAMS 0x000000008aa00000, 0x000000008aa00000| Untracked 
| 103|0x000000008ab00000, 0x000000008ab00000, 0x000000008ac00000|  0%| F|  |TAMS 0x000000008ab00000, 0x000000008ab00000| Untracked 
| 104|0x000000008ac00000, 0x000000008ac00000, 0x000000008ad00000|  0%| F|  |TAMS 0x000000008ac00000, 0x000000008ac00000| Untracked 
| 105|0x000000008ad00000, 0x000000008ad00000, 0x000000008ae00000|  0%| F|  |TAMS 0x000000008ad00000, 0x000000008ad00000| Untracked 
| 106|0x000000008ae00000, 0x000000008ae00000, 0x000000008af00000|  0%| F|  |TAMS 0x000000008ae00000, 0x000000008ae00000| Untracked 
| 107|0x000000008af00000, 0x000000008af00000, 0x000000008b000000|  0%| F|  |TAMS 0x000000008af00000, 0x000000008af00000| Untracked 
| 108|0x000000008b000000, 0x000000008b000000, 0x000000008b100000|  0%| F|  |TAMS 0x000000008b000000, 0x000000008b000000| Untracked 
| 109|0x000000008b100000, 0x000000008b100000, 0x000000008b200000|  0%| F|  |TAMS 0x000000008b100000, 0x000000008b100000| Untracked 
| 110|0x000000008b200000, 0x000000008b200000, 0x000000008b300000|  0%| F|  |TAMS 0x000000008b200000, 0x000000008b200000| Untracked 
| 111|0x000000008b300000, 0x000000008b300000, 0x000000008b400000|  0%| F|  |TAMS 0x000000008b300000, 0x000000008b300000| Untracked 
| 112|0x000000008b400000, 0x000000008b400000, 0x000000008b500000|  0%| F|  |TAMS 0x000000008b400000, 0x000000008b400000| Untracked 
| 113|0x000000008b500000, 0x000000008b500000, 0x000000008b600000|  0%| F|  |TAMS 0x000000008b500000, 0x000000008b500000| Untracked 
| 114|0x000000008b600000, 0x000000008b600000, 0x000000008b700000|  0%| F|  |TAMS 0x000000008b600000, 0x000000008b600000| Untracked 
| 115|0x000000008b700000, 0x000000008b700000, 0x000000008b800000|  0%| F|  |TAMS 0x000000008b700000, 0x000000008b700000| Untracked 
| 116|0x000000008b800000, 0x000000008b800000, 0x000000008b900000|  0%| F|  |TAMS 0x000000008b800000, 0x000000008b800000| Untracked 
| 117|0x000000008b900000, 0x000000008b900000, 0x000000008ba00000|  0%| F|  |TAMS 0x000000008b900000, 0x000000008b900000| Untracked 
| 118|0x000000008ba00000, 0x000000008ba00000, 0x000000008bb00000|  0%| F|  |TAMS 0x000000008ba00000, 0x000000008ba00000| Untracked 
| 119|0x000000008bb00000, 0x000000008bb00000, 0x000000008bc00000|  0%| F|  |TAMS 0x000000008bb00000, 0x000000008bb00000| Untracked 
| 120|0x000000008bc00000, 0x000000008bc00000, 0x000000008bd00000|  0%| F|  |TAMS 0x000000008bc00000, 0x000000008bc00000| Untracked 
| 121|0x000000008bd00000, 0x000000008bd00000, 0x000000008be00000|  0%| F|  |TAMS 0x000000008bd00000, 0x000000008bd00000| Untracked 
| 122|0x000000008be00000, 0x000000008be00000, 0x000000008bf00000|  0%| F|  |TAMS 0x000000008be00000, 0x000000008be00000| Untracked 
| 123|0x000000008bf00000, 0x000000008bf00000, 0x000000008c000000|  0%| F|  |TAMS 0x000000008bf00000, 0x000000008bf00000| Untracked 
| 124|0x000000008c000000, 0x000000008c000000, 0x000000008c100000|  0%| F|  |TAMS 0x000000008c000000, 0x000000008c000000| Untracked 
| 125|0x000000008c100000, 0x000000008c100000, 0x000000008c200000|  0%| F|  |TAMS 0x000000008c100000, 0x000000008c100000| Untracked 
| 126|0x000000008c200000, 0x000000008c200000, 0x000000008c300000|  0%| F|  |TAMS 0x000000008c200000, 0x000000008c200000| Untracked 
| 127|0x000000008c300000, 0x000000008c300000, 0x000000008c400000|  0%| F|  |TAMS 0x000000008c300000, 0x000000008c300000| Untracked 
| 128|0x000000008c400000, 0x000000008c400000, 0x000000008c500000|  0%| F|  |TAMS 0x000000008c400000, 0x000000008c400000| Untracked 
| 129|0x000000008c500000, 0x000000008c500000, 0x000000008c600000|  0%| F|  |TAMS 0x000000008c500000, 0x000000008c500000| Untracked 
| 130|0x000000008c600000, 0x000000008c600000, 0x000000008c700000|  0%| F|  |TAMS 0x000000008c600000, 0x000000008c600000| Untracked 
| 131|0x000000008c700000, 0x000000008c700000, 0x000000008c800000|  0%| F|  |TAMS 0x000000008c700000, 0x000000008c700000| Untracked 
| 132|0x000000008c800000, 0x000000008c800000, 0x000000008c900000|  0%| F|  |TAMS 0x000000008c800000, 0x000000008c800000| Untracked 
| 133|0x000000008c900000, 0x000000008c900000, 0x000000008ca00000|  0%| F|  |TAMS 0x000000008c900000, 0x000000008c900000| Untracked 
| 134|0x000000008ca00000, 0x000000008ca00000, 0x000000008cb00000|  0%| F|  |TAMS 0x000000008ca00000, 0x000000008ca00000| Untracked 
| 135|0x000000008cb00000, 0x000000008cb00000, 0x000000008cc00000|  0%| F|  |TAMS 0x000000008cb00000, 0x000000008cb00000| Untracked 
| 136|0x000000008cc00000, 0x000000008cc00000, 0x000000008cd00000|  0%| F|  |TAMS 0x000000008cc00000, 0x000000008cc00000| Untracked 
| 137|0x000000008cd00000, 0x000000008cd00000, 0x000000008ce00000|  0%| F|  |TAMS 0x000000008cd00000, 0x000000008cd00000| Untracked 
| 138|0x000000008ce00000, 0x000000008ce00000, 0x000000008cf00000|  0%| F|  |TAMS 0x000000008ce00000, 0x000000008ce00000| Untracked 
| 139|0x000000008cf00000, 0x000000008cf00000, 0x000000008d000000|  0%| F|  |TAMS 0x000000008cf00000, 0x000000008cf00000| Untracked 
| 140|0x000000008d000000, 0x000000008d000000, 0x000000008d100000|  0%| F|  |TAMS 0x000000008d000000, 0x000000008d000000| Untracked 
| 141|0x000000008d100000, 0x000000008d100000, 0x000000008d200000|  0%| F|  |TAMS 0x000000008d100000, 0x000000008d100000| Untracked 
| 142|0x000000008d200000, 0x000000008d200000, 0x000000008d300000|  0%| F|  |TAMS 0x000000008d200000, 0x000000008d200000| Untracked 
| 143|0x000000008d300000, 0x000000008d300000, 0x000000008d400000|  0%| F|  |TAMS 0x000000008d300000, 0x000000008d300000| Untracked 
| 144|0x000000008d400000, 0x000000008d400000, 0x000000008d500000|  0%| F|  |TAMS 0x000000008d400000, 0x000000008d400000| Untracked 
| 145|0x000000008d500000, 0x000000008d500000, 0x000000008d600000|  0%| F|  |TAMS 0x000000008d500000, 0x000000008d500000| Untracked 
| 146|0x000000008d600000, 0x000000008d600000, 0x000000008d700000|  0%| F|  |TAMS 0x000000008d600000, 0x000000008d600000| Untracked 
| 147|0x000000008d700000, 0x000000008d700000, 0x000000008d800000|  0%| F|  |TAMS 0x000000008d700000, 0x000000008d700000| Untracked 
| 148|0x000000008d800000, 0x000000008d800000, 0x000000008d900000|  0%| F|  |TAMS 0x000000008d800000, 0x000000008d800000| Untracked 
| 149|0x000000008d900000, 0x000000008d900000, 0x000000008da00000|  0%| F|  |TAMS 0x000000008d900000, 0x000000008d900000| Untracked 
| 150|0x000000008da00000, 0x000000008da00000, 0x000000008db00000|  0%| F|  |TAMS 0x000000008da00000, 0x000000008da00000| Untracked 
| 151|0x000000008db00000, 0x000000008db00000, 0x000000008dc00000|  0%| F|  |TAMS 0x000000008db00000, 0x000000008db00000| Untracked 
| 152|0x000000008dc00000, 0x000000008dc00000, 0x000000008dd00000|  0%| F|  |TAMS 0x000000008dc00000, 0x000000008dc00000| Untracked 
| 153|0x000000008dd00000, 0x000000008dd00000, 0x000000008de00000|  0%| F|  |TAMS 0x000000008dd00000, 0x000000008dd00000| Untracked 
| 154|0x000000008de00000, 0x000000008de00000, 0x000000008df00000|  0%| F|  |TAMS 0x000000008de00000, 0x000000008de00000| Untracked 
| 155|0x000000008df00000, 0x000000008df00000, 0x000000008e000000|  0%| F|  |TAMS 0x000000008df00000, 0x000000008df00000| Untracked 
| 156|0x000000008e000000, 0x000000008e000000, 0x000000008e100000|  0%| F|  |TAMS 0x000000008e000000, 0x000000008e000000| Untracked 
| 157|0x000000008e100000, 0x000000008e100000, 0x000000008e200000|  0%| F|  |TAMS 0x000000008e100000, 0x000000008e100000| Untracked 
| 158|0x000000008e200000, 0x000000008e200000, 0x000000008e300000|  0%| F|  |TAMS 0x000000008e200000, 0x000000008e200000| Untracked 
| 159|0x000000008e300000, 0x000000008e300000, 0x000000008e400000|  0%| F|  |TAMS 0x000000008e300000, 0x000000008e300000| Untracked 
| 160|0x000000008e400000, 0x000000008e400000, 0x000000008e500000|  0%| F|  |TAMS 0x000000008e400000, 0x000000008e400000| Untracked 
| 161|0x000000008e500000, 0x000000008e500000, 0x000000008e600000|  0%| F|  |TAMS 0x000000008e500000, 0x000000008e500000| Untracked 
| 162|0x000000008e600000, 0x000000008e600000, 0x000000008e700000|  0%| F|  |TAMS 0x000000008e600000, 0x000000008e600000| Untracked 
| 163|0x000000008e700000, 0x000000008e700000, 0x000000008e800000|  0%| F|  |TAMS 0x000000008e700000, 0x000000008e700000| Untracked 
| 164|0x000000008e800000, 0x000000008e800000, 0x000000008e900000|  0%| F|  |TAMS 0x000000008e800000, 0x000000008e800000| Untracked 
| 165|0x000000008e900000, 0x000000008e900000, 0x000000008ea00000|  0%| F|  |TAMS 0x000000008e900000, 0x000000008e900000| Untracked 
| 166|0x000000008ea00000, 0x000000008ea00000, 0x000000008eb00000|  0%| F|  |TAMS 0x000000008ea00000, 0x000000008ea00000| Untracked 
| 167|0x000000008eb00000, 0x000000008eb00000, 0x000000008ec00000|  0%| F|  |TAMS 0x000000008eb00000, 0x000000008eb00000| Untracked 
| 168|0x000000008ec00000, 0x000000008ec00000, 0x000000008ed00000|  0%| F|  |TAMS 0x000000008ec00000, 0x000000008ec00000| Untracked 
| 169|0x000000008ed00000, 0x000000008ed00000, 0x000000008ee00000|  0%| F|  |TAMS 0x000000008ed00000, 0x000000008ed00000| Untracked 
| 170|0x000000008ee00000, 0x000000008ee00000, 0x000000008ef00000|  0%| F|  |TAMS 0x000000008ee00000, 0x000000008ee00000| Untracked 
| 171|0x000000008ef00000, 0x000000008ef00000, 0x000000008f000000|  0%| F|  |TAMS 0x000000008ef00000, 0x000000008ef00000| Untracked 
| 172|0x000000008f000000, 0x000000008f000000, 0x000000008f100000|  0%| F|  |TAMS 0x000000008f000000, 0x000000008f000000| Untracked 
| 173|0x000000008f100000, 0x000000008f100000, 0x000000008f200000|  0%| F|  |TAMS 0x000000008f100000, 0x000000008f100000| Untracked 
| 174|0x000000008f200000, 0x000000008f200000, 0x000000008f300000|  0%| F|  |TAMS 0x000000008f200000, 0x000000008f200000| Untracked 
| 175|0x000000008f300000, 0x000000008f300000, 0x000000008f400000|  0%| F|  |TAMS 0x000000008f300000, 0x000000008f300000| Untracked 
| 176|0x000000008f400000, 0x000000008f400000, 0x000000008f500000|  0%| F|  |TAMS 0x000000008f400000, 0x000000008f400000| Untracked 
| 177|0x000000008f500000, 0x000000008f500000, 0x000000008f600000|  0%| F|  |TAMS 0x000000008f500000, 0x000000008f500000| Untracked 
| 178|0x000000008f600000, 0x000000008f600000, 0x000000008f700000|  0%| F|  |TAMS 0x000000008f600000, 0x000000008f600000| Untracked 
| 179|0x000000008f700000, 0x000000008f700000, 0x000000008f800000|  0%| F|  |TAMS 0x000000008f700000, 0x000000008f700000| Untracked 
| 180|0x000000008f800000, 0x000000008f800000, 0x000000008f900000|  0%| F|  |TAMS 0x000000008f800000, 0x000000008f800000| Untracked 
| 181|0x000000008f900000, 0x000000008f900000, 0x000000008fa00000|  0%| F|  |TAMS 0x000000008f900000, 0x000000008f900000| Untracked 
| 182|0x000000008fa00000, 0x000000008fa00000, 0x000000008fb00000|  0%| F|  |TAMS 0x000000008fa00000, 0x000000008fa00000| Untracked 
| 183|0x000000008fb00000, 0x000000008fb00000, 0x000000008fc00000|  0%| F|  |TAMS 0x000000008fb00000, 0x000000008fb00000| Untracked 
| 184|0x000000008fc00000, 0x000000008fc00000, 0x000000008fd00000|  0%| F|  |TAMS 0x000000008fc00000, 0x000000008fc00000| Untracked 
| 185|0x000000008fd00000, 0x000000008fd00000, 0x000000008fe00000|  0%| F|  |TAMS 0x000000008fd00000, 0x000000008fd00000| Untracked 
| 186|0x000000008fe00000, 0x000000008fe00000, 0x000000008ff00000|  0%| F|  |TAMS 0x000000008fe00000, 0x000000008fe00000| Untracked 
| 187|0x000000008ff00000, 0x000000008ff00000, 0x0000000090000000|  0%| F|  |TAMS 0x000000008ff00000, 0x000000008ff00000| Untracked 
| 188|0x0000000090000000, 0x0000000090000000, 0x0000000090100000|  0%| F|  |TAMS 0x0000000090000000, 0x0000000090000000| Untracked 
| 189|0x0000000090100000, 0x0000000090100000, 0x0000000090200000|  0%| F|  |TAMS 0x0000000090100000, 0x0000000090100000| Untracked 
| 190|0x0000000090200000, 0x0000000090280800, 0x0000000090300000| 50%| E|  |TAMS 0x0000000090200000, 0x0000000090200000| Complete 
| 191|0x0000000090300000, 0x0000000090400000, 0x0000000090400000|100%| E|CS|TAMS 0x0000000090300000, 0x0000000090300000| Complete 
| 192|0x0000000090400000, 0x0000000090500000, 0x0000000090500000|100%| E|CS|TAMS 0x0000000090400000, 0x0000000090400000| Complete 
| 193|0x0000000090500000, 0x0000000090600000, 0x0000000090600000|100%| E|CS|TAMS 0x0000000090500000, 0x0000000090500000| Complete 
| 194|0x0000000090600000, 0x0000000090700000, 0x0000000090700000|100%| E|CS|TAMS 0x0000000090600000, 0x0000000090600000| Complete 
| 195|0x0000000090700000, 0x0000000090800000, 0x0000000090800000|100%| E|CS|TAMS 0x0000000090700000, 0x0000000090700000| Complete 

Card table byte_map: [0x000000003a030000,0x000000003a410000] _byte_map_base: 0x0000000039c0e000

Marking Bits (Prev, Next): (CMBitMap*) 0x0000000024f02570, (CMBitMap*) 0x0000000024f02530
 Prev Bits: [0x000000003c6e0000, 0x000000003e5d0000)
 Next Bits: [0x000000003a7f0000, 0x000000003c6e0000)

Polling page: 0x000000000add0000

Metaspace:

Usage:
  Non-class:     61.53 MB used.
      Class:      8.20 MB used.
       Both:     69.74 MB used.

Virtual space:
  Non-class space:       64.00 MB reserved,      61.88 MB ( 97%) committed,  1 nodes.
      Class space:        1.00 GB reserved,       8.44 MB ( <1%) committed,  1 nodes.
             Both:        1.06 GB reserved,      70.31 MB (  6%) committed. 

Chunk freelists:
   Non-Class:  2.08 MB
       Class:  7.61 MB
        Both:  9.69 MB

MaxMetaspaceSize: unlimited
CompressedClassSpaceSize: 1.00 GB
Initial GC threshold: 21.00 MB
Current GC threshold: 117.12 MB
CDS: off
MetaspaceReclaimPolicy: balanced
 - commit_granule_bytes: 65536.
 - commit_granule_words: 8192.
 - virtual_space_node_default_size: 8388608.
 - enlarge_chunks_in_place: 1.
 - new_chunks_are_fully_committed: 0.
 - uncommit_free_chunks: 1.
 - use_allocation_guard: 0.
 - handle_deallocations: 1.


Internal statistics:

num_allocs_failed_limit: 8.
num_arena_births: 692.
num_arena_deaths: 30.
num_vsnodes_births: 2.
num_vsnodes_deaths: 0.
num_space_committed: 1121.
num_space_uncommitted: 0.
num_chunks_returned_to_freelist: 45.
num_chunks_taken_from_freelist: 2111.
num_chunk_merges: 13.
num_chunk_splits: 1448.
num_chunks_enlarged: 1049.
num_inconsistent_stats: 0.

CodeHeap 'non-profiled nmethods': size=120000Kb used=13451Kb max_used=13451Kb free=106548Kb
 bounds [0x0000000031d90000, 0x0000000032ac0000, 0x00000000392c0000]
CodeHeap 'profiled nmethods': size=120000Kb used=26424Kb max_used=26901Kb free=93575Kb
 bounds [0x000000002a2c0000, 0x000000002bd50000, 0x00000000317f0000]
CodeHeap 'non-nmethods': size=5760Kb used=1912Kb max_used=1973Kb free=3847Kb
 bounds [0x00000000317f0000, 0x0000000031a60000, 0x0000000031d90000]
 total_blobs=14375 nmethods=12985 adapters=1298
 compilation: enabled
              stopped_count=0, restarted_count=0
 full_count=0

Compilation events (20 events):
Event: 1922.952 Thread 0x0000000025162f60 16609       3       sun.awt.image.ImageRepresentation::startProduction (26 bytes)
Event: 1922.952 Thread 0x0000000025162f60 nmethod 16609 0x000000002ab74b10 code [0x000000002ab74ce0, 0x000000002ab750f8]
Event: 1924.729 Thread 0x0000000025162660 16610       4       sun.java2d.pipe.DrawImage::scaleImage (84 bytes)
Event: 1924.731 Thread 0x0000000025162660 nmethod 16610 0x0000000032ab0590 code [0x0000000032ab0720, 0x0000000032ab08a8]
Event: 1924.993 Thread 0x0000000025162f60 16611       3       com.mxgraph.util.mxUtils::getFont (82 bytes)
Event: 1924.995 Thread 0x0000000025162f60 nmethod 16611 0x000000002b615290 code [0x000000002b615540, 0x000000002b616288]
Event: 1925.187 Thread 0x0000000025162660 16612       4       java.awt.geom.Path2D::setWindingRule (25 bytes)
Event: 1925.187 Thread 0x0000000025162660 nmethod 16612 0x0000000032ab0a10 code [0x0000000032ab0b80, 0x0000000032ab0c38]
Event: 1925.988 Thread 0x0000000025162660 16613       4       javax.swing.plaf.basic.BasicButtonListener::mouseMoved (1 bytes)
Event: 1925.989 Thread 0x0000000025162660 nmethod 16613 0x0000000032ab0d10 code [0x0000000032ab0e80, 0x0000000032ab0ef8]
Event: 1926.155 Thread 0x0000000025162f60 16614       3       java.util.LinkedList::remove (77 bytes)
Event: 1926.156 Thread 0x0000000025162f60 nmethod 16614 0x000000002b614790 code [0x000000002b614980, 0x000000002b614f68]
Event: 1926.157 Thread 0x0000000025162f60 16615       3       sun.awt.im.ExecutableInputMethodManager::hasMultipleInputMethods (28 bytes)
Event: 1926.157 Thread 0x0000000025162f60 nmethod 16615 0x000000002b218c90 code [0x000000002b218e20, 0x000000002b218ff8]
Event: 1926.157 Thread 0x0000000025162f60 16616       1       javax.swing.JOptionPane::getMessageType (5 bytes)
Event: 1926.157 Thread 0x0000000025162f60 nmethod 16616 0x0000000032ab1010 code [0x0000000032ab11a0, 0x0000000032ab1278]
Event: 1926.163 Thread 0x0000000025162f60 16617       3       org.scilab.modules.xcos.JavaControllerJNI::SwigDirector_View_objectReferenced (18 bytes)
Event: 1926.167 Thread 0x0000000025162f60 nmethod 16617 0x000000002b017890 code [0x000000002b017a80, 0x000000002b018008]
Event: 1926.167 Thread 0x0000000025162f60 16618       3       org.scilab.modules.xcos.XcosView::objectReferenced (94 bytes)
Event: 1926.168 Thread 0x0000000025162f60 nmethod 16618 0x000000002a787790 code [0x000000002a787a00, 0x000000002a788508]

GC Heap History (20 events):
Event: 811.151 GC heap before
{Heap before GC invocations=59 (full 0):
 garbage-first heap   total 200704K, used 130670K [0x0000000084400000, 0x0000000100000000)
  region size 1024K, 72 young (73728K), 1 survivors (1024K)
 Metaspace       used 69215K, committed 69760K, reserved 1114112K
  class space    used 8290K, committed 8576K, reserved 1048576K
}
Event: 811.154 GC heap after
{Heap after GC invocations=60 (full 0):
 garbage-first heap   total 200704K, used 60008K [0x0000000084400000, 0x0000000100000000)
  region size 1024K, 2 young (2048K), 2 survivors (2048K)
 Metaspace       used 69215K, committed 69760K, reserved 1114112K
  class space    used 8290K, committed 8576K, reserved 1048576K
}
Event: 882.842 GC heap before
{Heap before GC invocations=61 (full 0):
 garbage-first heap   total 200704K, used 174696K [0x0000000084400000, 0x0000000100000000)
  region size 1024K, 109 young (111616K), 2 survivors (2048K)
 Metaspace       used 69346K, committed 69888K, reserved 1114112K
  class space    used 8291K, committed 8576K, reserved 1048576K
}
Event: 882.847 GC heap after
{Heap after GC invocations=62 (full 0):
 garbage-first heap   total 200704K, used 66032K [0x0000000084400000, 0x0000000100000000)
  region size 1024K, 3 young (3072K), 3 survivors (3072K)
 Metaspace       used 69346K, committed 69888K, reserved 1114112K
  class space    used 8291K, committed 8576K, reserved 1048576K
}
Event: 1090.755 GC heap before
{Heap before GC invocations=62 (full 0):
 garbage-first heap   total 200704K, used 71152K [0x0000000084400000, 0x0000000100000000)
  region size 1024K, 9 young (9216K), 3 survivors (3072K)
 Metaspace       used 69462K, committed 70016K, reserved 1114112K
  class space    used 8301K, committed 8576K, reserved 1048576K
}
Event: 1090.757 GC heap after
{Heap after GC invocations=63 (full 0):
 garbage-first heap   total 200704K, used 57016K [0x0000000084400000, 0x0000000100000000)
  region size 1024K, 1 young (1024K), 1 survivors (1024K)
 Metaspace       used 69462K, committed 70016K, reserved 1114112K
  class space    used 8301K, committed 8576K, reserved 1048576K
}
Event: 1130.464 GC heap before
{Heap before GC invocations=63 (full 0):
 garbage-first heap   total 200704K, used 81592K [0x0000000084400000, 0x0000000100000000)
  region size 1024K, 26 young (26624K), 1 survivors (1024K)
 Metaspace       used 69536K, committed 70080K, reserved 1114112K
  class space    used 8302K, committed 8576K, reserved 1048576K
}
Event: 1130.465 GC heap after
{Heap after GC invocations=64 (full 0):
 garbage-first heap   total 200704K, used 58117K [0x0000000084400000, 0x0000000100000000)
  region size 1024K, 2 young (2048K), 2 survivors (2048K)
 Metaspace       used 69536K, committed 70080K, reserved 1114112K
  class space    used 8302K, committed 8576K, reserved 1048576K
}
Event: 1359.138 GC heap before
{Heap before GC invocations=65 (full 0):
 garbage-first heap   total 200704K, used 193285K [0x0000000084400000, 0x0000000100000000)
  region size 1024K, 107 young (109568K), 2 survivors (2048K)
 Metaspace       used 70087K, committed 70656K, reserved 1114112K
  class space    used 8326K, committed 8576K, reserved 1048576K
}
Event: 1359.141 GC heap after
{Heap after GC invocations=66 (full 0):
 garbage-first heap   total 200704K, used 87354K [0x0000000084400000, 0x0000000100000000)
  region size 1024K, 2 young (2048K), 2 survivors (2048K)
 Metaspace       used 70087K, committed 70656K, reserved 1114112K
  class space    used 8326K, committed 8576K, reserved 1048576K
}
Event: 1399.459 GC heap before
{Heap before GC invocations=66 (full 0):
 garbage-first heap   total 200704K, used 93498K [0x0000000084400000, 0x0000000100000000)
  region size 1024K, 9 young (9216K), 2 survivors (2048K)
 Metaspace       used 70113K, committed 70656K, reserved 1114112K
  class space    used 8326K, committed 8576K, reserved 1048576K
}
Event: 1399.460 GC heap after
{Heap after GC invocations=67 (full 0):
 garbage-first heap   total 200704K, used 56982K [0x0000000084400000, 0x0000000100000000)
  region size 1024K, 1 young (1024K), 1 survivors (1024K)
 Metaspace       used 70113K, committed 70656K, reserved 1114112K
  class space    used 8326K, committed 8576K, reserved 1048576K
}
Event: 1537.528 GC heap before
{Heap before GC invocations=67 (full 0):
 garbage-first heap   total 200704K, used 105110K [0x0000000084400000, 0x0000000100000000)
  region size 1024K, 49 young (50176K), 1 survivors (1024K)
 Metaspace       used 70300K, committed 70784K, reserved 1114112K
  class space    used 8327K, committed 8576K, reserved 1048576K
}
Event: 1537.532 GC heap after
{Heap after GC invocations=68 (full 0):
 garbage-first heap   total 200704K, used 57638K [0x0000000084400000, 0x0000000100000000)
  region size 1024K, 2 young (2048K), 2 survivors (2048K)
 Metaspace       used 70300K, committed 70784K, reserved 1114112K
  class space    used 8327K, committed 8576K, reserved 1048576K
}
Event: 1809.122 GC heap before
{Heap before GC invocations=69 (full 0):
 garbage-first heap   total 200704K, used 192806K [0x0000000084400000, 0x0000000100000000)
  region size 1024K, 108 young (110592K), 2 survivors (2048K)
 Metaspace       used 70758K, committed 71296K, reserved 1114112K
  class space    used 8359K, committed 8640K, reserved 1048576K
}
Event: 1809.125 GC heap after
{Heap after GC invocations=70 (full 0):
 garbage-first heap   total 200704K, used 87792K [0x0000000084400000, 0x0000000100000000)
  region size 1024K, 3 young (3072K), 3 survivors (3072K)
 Metaspace       used 70758K, committed 71296K, reserved 1114112K
  class space    used 8359K, committed 8640K, reserved 1048576K
}
Event: 1825.603 GC heap before
{Heap before GC invocations=70 (full 0):
 garbage-first heap   total 200704K, used 92912K [0x0000000084400000, 0x0000000100000000)
  region size 1024K, 9 young (9216K), 3 survivors (3072K)
 Metaspace       used 70808K, committed 71296K, reserved 1114112K
  class space    used 8363K, committed 8640K, reserved 1048576K
}
Event: 1825.606 GC heap after
{Heap after GC invocations=71 (full 0):
 garbage-first heap   total 200704K, used 57318K [0x0000000084400000, 0x0000000100000000)
  region size 1024K, 1 young (1024K), 1 survivors (1024K)
 Metaspace       used 70808K, committed 71296K, reserved 1114112K
  class space    used 8363K, committed 8640K, reserved 1048576K
}
Event: 1926.163 GC heap before
{Heap before GC invocations=71 (full 0):
 garbage-first heap   total 200704K, used 170982K [0x0000000084400000, 0x0000000100000000)
  region size 1024K, 112 young (114688K), 1 survivors (1024K)
 Metaspace       used 71431K, committed 71936K, reserved 1114112K
  class space    used 8405K, committed 8640K, reserved 1048576K
}
Event: 1926.167 GC heap after
{Heap after GC invocations=72 (full 0):
 garbage-first heap   total 200704K, used 59047K [0x0000000084400000, 0x0000000100000000)
  region size 1024K, 3 young (3072K), 3 survivors (3072K)
 Metaspace       used 71431K, committed 71936K, reserved 1114112K
  class space    used 8405K, committed 8640K, reserved 1048576K
}

Dll operation events (20 events):
Event: 0.173 Loaded shared library C:\Users\kun\sourceNSU\scilab-2026.0.1\java\jre\bin\verify.dll
Event: 0.185 Loaded shared library C:\Users\kun\sourceNSU\scilab-2026.0.1\java\JRE\bin\jimage.dll
Event: 0.220 Loaded shared library C:\Users\kun\sourceNSU\scilab-2026.0.1\java\JRE\bin\awt.dll
Event: 0.271 Loaded shared library C:\Users\kun\sourceNSU\scilab-2026.0.1\bin\gluegen_rt.dll
Event: 0.307 Loaded shared library C:\Users\kun\sourceNSU\scilab-2026.0.1\java\JRE\bin\jawt.dll
Event: 0.308 Loaded shared library C:\Users\kun\sourceNSU\scilab-2026.0.1\bin\nativewindow_awt.dll
Event: 0.324 Loaded shared library C:\Users\kun\sourceNSU\scilab-2026.0.1\bin\nativewindow_win32.dll
Event: 0.398 Loaded shared library C:\Users\kun\sourceNSU\scilab-2026.0.1\bin\jogl_desktop.dll
Event: 1.576 Loaded shared library C:\Users\kun\sourceNSU\scilab-2026.0.1\java\JRE\bin\freetype.dll
Event: 1.577 Loaded shared library C:\Users\kun\sourceNSU\scilab-2026.0.1\java\JRE\bin\fontmanager.dll
Event: 1.916 Loaded shared library C:\Users\kun\sourceNSU\scilab-2026.0.1\bin\scihistory_manager.dll
Event: 2.905 Loaded shared library C:\Users\kun\sourceNSU\scilab-2026.0.1\java\JRE\bin\sunmscapi.dll
Event: 3.152 Loaded shared library C:\Users\kun\sourceNSU\scilab-2026.0.1\bin\sciconsole.dll
Event: 3.520 Loaded shared library C:\Users\kun\sourceNSU\scilab-2026.0.1\bin\scigraphic_objects.dll
Event: 3.549 Loaded shared library C:\Users\kun\sourceNSU\scilab-2026.0.1\bin\sciscinotes.dll
Event: 3.610 Loaded shared library C:\Users\kun\sourceNSU\scilab-2026.0.1\bin\scixcos.dll
Event: 3.946 Loaded shared library C:\Users\kun\sourceNSU\scilab-2026.0.1\bin\sciaction_binding.dll
Event: 4.159 Loaded shared library C:\Users\kun\sourceNSU\scilab-2026.0.1\java\JRE\bin\management.dll
Event: 4.165 Loaded shared library C:\Users\kun\sourceNSU\scilab-2026.0.1\java\JRE\bin\management_ext.dll
Event: 375.379 Loaded shared library C:\Users\kun\sourceNSU\scilab-2026.0.1\bin\javasci.dll

Deoptimization events (20 events):
Event: 1889.907 Thread 0x000000007eb90a50 Uncommon trap: trap_request=0xffffffde fr.pc=0x00000000320d1a58 relative=0x00000000000002f8
Event: 1889.907 Thread 0x000000007eb90a50 Uncommon trap: reason=class_check action=maybe_recompile pc=0x00000000320d1a58 method=sun.awt.image.ImageWatched$WeakLink.newInfo(Ljava/awt/Image;IIIII)Z @ 13 c2
Event: 1889.907 Thread 0x000000007eb90a50 DEOPT PACKING pc=0x00000000320d1a58 sp=0x00000000061af2f0
Event: 1889.907 Thread 0x000000007eb90a50 DEOPT UNPACKING pc=0x000000003184a1a3 sp=0x00000000061af220 mode 2
Event: 1890.042 Thread 0x0000000024a7c0b0 DEOPT PACKING pc=0x000000002b8fccba sp=0x0000000002281770
Event: 1890.042 Thread 0x0000000024a7c0b0 DEOPT UNPACKING pc=0x000000003184ace3 sp=0x0000000002280c80 mode 0
Event: 1890.409 Thread 0x000000007eb90a50 Uncommon trap: trap_request=0xffffffde fr.pc=0x00000000320d1a58 relative=0x00000000000002f8
Event: 1890.409 Thread 0x000000007eb90a50 Uncommon trap: reason=class_check action=maybe_recompile pc=0x00000000320d1a58 method=sun.awt.image.ImageWatched$WeakLink.newInfo(Ljava/awt/Image;IIIII)Z @ 13 c2
Event: 1890.409 Thread 0x000000007eb90a50 DEOPT PACKING pc=0x00000000320d1a58 sp=0x00000000061af210
Event: 1890.409 Thread 0x000000007eb90a50 DEOPT UNPACKING pc=0x000000003184a1a3 sp=0x00000000061af140 mode 2
Event: 1914.182 Thread 0x00000000609da9f0 DEOPT PACKING pc=0x000000002a8d8309 sp=0x000000006e0fd9d0
Event: 1914.183 Thread 0x00000000609da9f0 DEOPT UNPACKING pc=0x000000003184ace3 sp=0x000000006e0fcec8 mode 0
Event: 1916.011 Thread 0x00000000609da9f0 Uncommon trap: trap_request=0xffffffbe fr.pc=0x0000000032a92dd0 relative=0x00000000000005b0
Event: 1916.011 Thread 0x00000000609da9f0 Uncommon trap: reason=profile_predicate action=maybe_recompile pc=0x0000000032a92dd0 method=java.net.URI$Parser.scan(IILjava/lang/String;)I @ 6 c2
Event: 1916.011 Thread 0x00000000609da9f0 DEOPT PACKING pc=0x0000000032a92dd0 sp=0x000000006e0fe5a0
Event: 1916.011 Thread 0x00000000609da9f0 DEOPT UNPACKING pc=0x000000003184a1a3 sp=0x000000006e0fe518 mode 2
Event: 1916.103 Thread 0x00000000609da9f0 Uncommon trap: trap_request=0xffffffbe fr.pc=0x0000000032a92dd0 relative=0x00000000000005b0
Event: 1916.103 Thread 0x00000000609da9f0 Uncommon trap: reason=profile_predicate action=maybe_recompile pc=0x0000000032a92dd0 method=java.net.URI$Parser.scan(IILjava/lang/String;)I @ 6 c2
Event: 1916.103 Thread 0x00000000609da9f0 DEOPT PACKING pc=0x0000000032a92dd0 sp=0x000000006e0fe5a0
Event: 1916.103 Thread 0x00000000609da9f0 DEOPT UNPACKING pc=0x000000003184a1a3 sp=0x000000006e0fe518 mode 2

Classes unloaded (0 events):
No events

Classes redefined (0 events):
No events

Internal exceptions (20 events):
Event: 1568.919 Thread 0x0000000024a7c0b0 Implicit null exception at 0x000000002afb135b to 0x000000002afb24fa
Event: 1568.919 Thread 0x0000000024a7c0b0 Exception <a 'java/lang/NullPointerException'{0x000000008f55da00}> (0x000000008f55da00) 
thrown [s\src\hotspot\share\runtime\sharedRuntime.cpp, line 628]
Event: 1599.700 Thread 0x0000000024a7c0b0 Implicit null exception at 0x000000002afb135b to 0x000000002afb24fa
Event: 1599.700 Thread 0x0000000024a7c0b0 Exception <a 'java/lang/NullPointerException'{0x000000008ebda398}> (0x000000008ebda398) 
thrown [s\src\hotspot\share\runtime\sharedRuntime.cpp, line 628]
Event: 1773.890 Thread 0x00000000609da9f0 Implicit null exception at 0x00000000327b12d1 to 0x00000000327b1f58
Event: 1773.994 Thread 0x00000000609da9f0 Implicit null exception at 0x00000000322a32cc to 0x00000000322a338c
Event: 1798.315 Thread 0x0000000024a7c0b0 Implicit null exception at 0x000000002afb135b to 0x000000002afb24fa
Event: 1798.315 Thread 0x0000000024a7c0b0 Exception <a 'java/lang/NullPointerException'{0x000000008b0a5f40}> (0x000000008b0a5f40) 
thrown [s\src\hotspot\share\runtime\sharedRuntime.cpp, line 628]
Event: 1811.686 Thread 0x0000000024a7c0b0 Implicit null exception at 0x000000002afb135b to 0x000000002afb24fa
Event: 1811.686 Thread 0x0000000024a7c0b0 Exception <a 'java/lang/NullPointerException'{0x00000000905bf038}> (0x00000000905bf038) 
thrown [s\src\hotspot\share\runtime\sharedRuntime.cpp, line 628]
Event: 1838.866 Thread 0x0000000024a7c0b0 Implicit null exception at 0x000000002afb135b to 0x000000002afb24fa
Event: 1838.866 Thread 0x0000000024a7c0b0 Exception <a 'java/lang/NullPointerException'{0x000000008fd2c988}> (0x000000008fd2c988) 
thrown [s\src\hotspot\share\runtime\sharedRuntime.cpp, line 628]
Event: 1873.007 Thread 0x0000000024a7c0b0 Implicit null exception at 0x000000002afb135b to 0x000000002afb24fa
Event: 1873.007 Thread 0x0000000024a7c0b0 Exception <a 'java/lang/NullPointerException'{0x000000008e5d9120}> (0x000000008e5d9120) 
thrown [s\src\hotspot\share\runtime\sharedRuntime.cpp, line 628]
Event: 1883.491 Thread 0x0000000024a7c0b0 Implicit null exception at 0x000000002afb135b to 0x000000002afb24fa
Event: 1883.491 Thread 0x0000000024a7c0b0 Exception <a 'java/lang/NullPointerException'{0x000000008d341068}> (0x000000008d341068) 
thrown [s\src\hotspot\share\runtime\sharedRuntime.cpp, line 628]
Event: 1892.177 Thread 0x0000000024a7c0b0 Implicit null exception at 0x000000002afb135b to 0x000000002afb24fa
Event: 1892.177 Thread 0x0000000024a7c0b0 Exception <a 'java/lang/NullPointerException'{0x000000008bf25008}> (0x000000008bf25008) 
thrown [s\src\hotspot\share\runtime\sharedRuntime.cpp, line 628]
Event: 1918.281 Thread 0x0000000024a7c0b0 Implicit null exception at 0x000000002afb135b to 0x000000002afb24fa
Event: 1918.281 Thread 0x0000000024a7c0b0 Exception <a 'java/lang/NullPointerException'{0x0000000089f25b78}> (0x0000000089f25b78) 
thrown [s\src\hotspot\share\runtime\sharedRuntime.cpp, line 628]

VM Operations (20 events):
Event: 1913.000 Executing VM operation: Cleanup
Event: 1913.000 Executing VM operation: Cleanup done
Event: 1915.019 Executing VM operation: Cleanup
Event: 1915.019 Executing VM operation: Cleanup done
Event: 1916.027 Executing VM operation: Cleanup
Event: 1916.027 Executing VM operation: Cleanup done
Event: 1917.035 Executing VM operation: Cleanup
Event: 1917.035 Executing VM operation: Cleanup done
Event: 1919.048 Executing VM operation: Cleanup
Event: 1919.048 Executing VM operation: Cleanup done
Event: 1920.058 Executing VM operation: Cleanup
Event: 1920.058 Executing VM operation: Cleanup done
Event: 1921.064 Executing VM operation: Cleanup
Event: 1921.064 Executing VM operation: Cleanup done
Event: 1924.082 Executing VM operation: Cleanup
Event: 1924.082 Executing VM operation: Cleanup done
Event: 1925.085 Executing VM operation: Cleanup
Event: 1925.085 Executing VM operation: Cleanup done
Event: 1926.163 Executing VM operation: G1CollectForAllocation
Event: 1926.167 Executing VM operation: G1CollectForAllocation done

Events (20 events):
Event: 1873.006 Thread 0x000000007eb93f40 Thread exited: 0x000000007eb93f40
Event: 1882.380 Thread 0x000000007eb90a50 Thread added: 0x000000007eb90a50
Event: 1882.510 Thread 0x000000007eb93f40 Thread added: 0x000000007eb93f40
Event: 1883.455 Thread 0x000000007eb94410 Thread added: 0x000000007eb94410
Event: 1883.456 Thread 0x000000007eb94410 Thread exited: 0x000000007eb94410
Event: 1883.489 Thread 0x000000007eb93f40 Thread exited: 0x000000007eb93f40
Event: 1887.304 loading class java/lang/StringUTF16$CodePointsSpliterator
Event: 1887.306 loading class java/lang/StringUTF16$CodePointsSpliterator done
Event: 1887.327 Thread 0x000000016088c8d0 Thread added: 0x000000016088c8d0
Event: 1889.932 Thread 0x000000007eb93f40 Thread added: 0x000000007eb93f40
Event: 1892.139 Thread 0x000000016088c8d0 Thread exited: 0x000000016088c8d0
Event: 1892.140 Thread 0x000000007eb94410 Thread added: 0x000000007eb94410
Event: 1892.141 Thread 0x000000007eb94410 Thread exited: 0x000000007eb94410
Event: 1892.179 Thread 0x000000007eb93f40 Thread exited: 0x000000007eb93f40
Event: 1907.631 loading class sun/util/locale/LocaleExtensions
Event: 1907.633 loading class sun/util/locale/LocaleExtensions done
Event: 1916.036 Thread 0x000000007eb94410 Thread added: 0x000000007eb94410
Event: 1918.247 Thread 0x000000007eb948e0 Thread added: 0x000000007eb948e0
Event: 1918.248 Thread 0x000000007eb948e0 Thread exited: 0x000000007eb948e0
Event: 1918.279 Thread 0x000000007eb94410 Thread exited: 0x000000007eb94410


Dynamic libraries:
0x0000000140000000 - 0x00000001400f6000 	C:\Users\kun\sourceNSU\scilab-2026.0.1\bin\wscilex.exe
0x00007ff954ed0000 - 0x00007ff9550c8000 	C:\WINDOWS\SYSTEM32\ntdll.dll
0x00007ff953b00000 - 0x00007ff953bc2000 	C:\WINDOWS\System32\KERNEL32.DLL
0x00007ff9527a0000 - 0x00007ff952a96000 	C:\WINDOWS\System32\KERNELBASE.dll
0x00007ff953870000 - 0x00007ff953a11000 	C:\WINDOWS\System32\USER32.dll
0x00007ff952770000 - 0x00007ff952792000 	C:\WINDOWS\System32\win32u.dll
0x00007ff954950000 - 0x00007ff95497b000 	C:\WINDOWS\System32\GDI32.dll
0x00007ff952650000 - 0x00007ff952769000 	C:\WINDOWS\System32\gdi32full.dll
0x00007ff9525b0000 - 0x00007ff95264d000 	C:\WINDOWS\System32\msvcp_win.dll
0x00007ff952df0000 - 0x00007ff952ef0000 	C:\WINDOWS\System32\ucrtbase.dll
0x00007ff953d80000 - 0x00007ff9544f0000 	C:\WINDOWS\System32\SHELL32.dll
0x0000000180000000 - 0x000000018003e000 	C:\Users\kun\sourceNSU\scilab-2026.0.1\bin\core.dll
0x00007ff916220000 - 0x00007ff9162a9000 	C:\Users\kun\sourceNSU\scilab-2026.0.1\bin\MSVCP140.dll
0x00007ff94e8b0000 - 0x00007ff94e8ce000 	C:\Users\kun\sourceNSU\scilab-2026.0.1\bin\VCRUNTIME140.dll
0x00007ff94e620000 - 0x00007ff94e62c000 	C:\Users\kun\sourceNSU\scilab-2026.0.1\bin\VCRUNTIME140_1.dll
0x00007ff9535e0000 - 0x00007ff953691000 	C:\WINDOWS\System32\ADVAPI32.dll
0x00007ff9537d0000 - 0x00007ff95386e000 	C:\WINDOWS\System32\msvcrt.dll
0x00007ff954980000 - 0x00007ff954a1f000 	C:\WINDOWS\System32\sechost.dll
0x00007ff9534b0000 - 0x00007ff9535d0000 	C:\WINDOWS\System32\RPCRT4.dll
0x00007ff952dc0000 - 0x00007ff952de7000 	C:\WINDOWS\System32\bcrypt.dll
0x00007ff90cda0000 - 0x00007ff90ceea000 	C:\Users\kun\sourceNSU\scilab-2026.0.1\bin\libxml2.dll
0x00007ff94a910000 - 0x00007ff94a92e000 	C:\Users\kun\sourceNSU\scilab-2026.0.1\bin\core_f.dll
0x00007ff927270000 - 0x00007ff927287000 	C:\Users\kun\sourceNSU\scilab-2026.0.1\bin\zlib1.dll
0x00007ff92ea50000 - 0x00007ff92ea59000 	C:\WINDOWS\SYSTEM32\WSOCK32.dll
0x00007ff953a90000 - 0x00007ff953afb000 	C:\WINDOWS\System32\WS2_32.dll
0x00007ff90e9a0000 - 0x00007ff90ea74000 	C:\Users\kun\sourceNSU\scilab-2026.0.1\bin\MSVCR110.dll
0x00007ff92b5c0000 - 0x00007ff92b5dd000 	C:\Users\kun\sourceNSU\scilab-2026.0.1\bin\linpack_f.dll
0x00007ff91bb30000 - 0x00007ff91bb65000 	C:\Users\kun\sourceNSU\scilab-2026.0.1\bin\elementary_functions_f.dll
0x00007ff8fe9c0000 - 0x00007ff8feb1a000 	C:\Users\kun\sourceNSU\scilab-2026.0.1\bin\libifcoremd.dll
0x00007ff9532e0000 - 0x00007ff9532fd000 	C:\WINDOWS\System32\imagehlp.dll
0x00007ff8e0480000 - 0x00007ff8e0884000 	C:\Users\kun\sourceNSU\scilab-2026.0.1\bin\libmmd.dll
0x00007ff8e2010000 - 0x00007ff8e2ff2000 	C:\Users\kun\sourceNSU\scilab-2026.0.1\bin\blasplus.dll
0x00007ff8e0890000 - 0x00007ff8e2002000 	C:\Users\kun\sourceNSU\scilab-2026.0.1\bin\lapack.dll
0x00007ff917a80000 - 0x00007ff917ab4000 	C:\Users\kun\sourceNSU\scilab-2026.0.1\bin\cacsd_f.dll
0x00007ff94b600000 - 0x00007ff94b60b000 	C:\Users\kun\sourceNSU\scilab-2026.0.1\bin\eispack_f.dll
0x00007ff916400000 - 0x00007ff916455000 	C:\Users\kun\sourceNSU\scilab-2026.0.1\bin\slatec_f.dll
0x00007ff91bb00000 - 0x00007ff91bb30000 	C:\Users\kun\sourceNSU\scilab-2026.0.1\bin\polynomials_f.dll
0x00007ff8fe7f0000 - 0x00007ff8fe9be000 	C:\Users\kun\sourceNSU\scilab-2026.0.1\bin\libiomp5md.dll
0x00007ff952c90000 - 0x00007ff952d03000 	C:\WINDOWS\System32\WINTRUST.dll
0x00007ff923920000 - 0x00007ff923936000 	C:\Users\kun\sourceNSU\scilab-2026.0.1\bin\output_stream_f.dll
0x00007ff90ccc0000 - 0x00007ff90cd97000 	C:\Users\kun\sourceNSU\scilab-2026.0.1\bin\slicot_f.dll
0x00007ff90fc30000 - 0x00007ff90fcc0000 	C:\Users\kun\sourceNSU\scilab-2026.0.1\bin\differential_equations_f.dll
0x00007ff8df2f0000 - 0x00007ff8e0473000 	C:\Users\kun\sourceNSU\scilab-2026.0.1\bin\svml_dispmd.dll
0x0000000008040000 - 0x00000000083e8000 	C:\Users\kun\sourceNSU\scilab-2026.0.1\bin\ast.dll
0x00007ff953300000 - 0x00007ff95335b000 	C:\WINDOWS\System32\SHLWAPI.dll
0x0000000002310000 - 0x0000000002323000 	C:\Users\kun\sourceNSU\scilab-2026.0.1\bin\sciconsole.dll
0x0000000002330000 - 0x0000000002348000 	C:\Users\kun\sourceNSU\scilab-2026.0.1\bin\output_stream.dll
0x0000000002350000 - 0x0000000002361000 	C:\Users\kun\sourceNSU\scilab-2026.0.1\bin\scilab_windows.dll
0x0000000002370000 - 0x000000000238b000 	C:\Users\kun\sourceNSU\scilab-2026.0.1\bin\scilocalization.dll
0x00007ff9547c0000 - 0x00007ff95489a000 	C:\WINDOWS\System32\COMDLG32.dll
0x0000000008430000 - 0x000000000844d000 	C:\Users\kun\sourceNSU\scilab-2026.0.1\bin\functions_manager.dll
0x0000000008450000 - 0x0000000008458000 	C:\Users\kun\sourceNSU\scilab-2026.0.1\bin\GetWindowsVersion.dll
0x00007ff952ef0000 - 0x00007ff953244000 	C:\WINDOWS\System32\combase.dll
0x0000000008460000 - 0x0000000008469000 	C:\Users\kun\sourceNSU\scilab-2026.0.1\bin\dynamic_link.dll
0x00007ff9548a0000 - 0x00007ff95494d000 	C:\WINDOWS\System32\shcore.dll
0x00000000084a0000 - 0x00000000084c4000 	C:\Users\kun\sourceNSU\scilab-2026.0.1\bin\fileio.dll
0x00000000084d0000 - 0x00000000084e9000 	C:\Users\kun\sourceNSU\scilab-2026.0.1\bin\fftw.dll
0x00000000084f0000 - 0x000000000856a000 	C:\Users\kun\sourceNSU\scilab-2026.0.1\bin\graphics.dll
0x0000000008570000 - 0x00000000085cc000 	C:\Users\kun\sourceNSU\scilab-2026.0.1\bin\scigui.dll
0x0000000008610000 - 0x0000000008625000 	C:\Users\kun\sourceNSU\scilab-2026.0.1\bin\scihistory_manager.dll
0x0000000008630000 - 0x000000000867a000 	C:\Users\kun\sourceNSU\scilab-2026.0.1\bin\io.dll
0x0000000008680000 - 0x0000000008692000 	C:\Users\kun\sourceNSU\scilab-2026.0.1\bin\libjvm.dll
0x00000000086a0000 - 0x00000000086ae000 	C:\Users\kun\sourceNSU\scilab-2026.0.1\bin\preferences.dll
0x00000000086f0000 - 0x0000000008702000 	C:\Users\kun\sourceNSU\scilab-2026.0.1\bin\tclsci.dll
0x0000000008710000 - 0x0000000008719000 	C:\Users\kun\sourceNSU\scilab-2026.0.1\bin\threads.dll
0x0000000008720000 - 0x0000000008742000 	C:\Users\kun\sourceNSU\scilab-2026.0.1\bin\sciui_data.dll
0x0000000008750000 - 0x0000000008767000 	C:\Users\kun\sourceNSU\scilab-2026.0.1\bin\windows_tools.dll
0x0000000008790000 - 0x00000000087a3000 	C:\Users\kun\sourceNSU\scilab-2026.0.1\bin\libintl.dll
0x00000000087b0000 - 0x00000000087f4000 	C:\Users\kun\sourceNSU\scilab-2026.0.1\bin\elementary_functions.dll
0x00007ff954690000 - 0x00007ff9547bb000 	C:\WINDOWS\System32\ole32.dll
0x0000000008830000 - 0x0000000008854000 	C:\Users\kun\sourceNSU\scilab-2026.0.1\bin\polynomials.dll
0x0000000008870000 - 0x0000000008894000 	C:\Users\kun\sourceNSU\scilab-2026.0.1\bin\cacsd.dll
0x00000000088a0000 - 0x0000000008926000 	C:\Users\kun\sourceNSU\scilab-2026.0.1\bin\differential_equations.dll
0x0000000008960000 - 0x0000000008970000 	C:\Users\kun\sourceNSU\scilab-2026.0.1\bin\string.dll
0x00007ff949c90000 - 0x00007ff949ca2000 	C:\Users\kun\sourceNSU\scilab-2026.0.1\bin\linear_algebra_f.dll
0x00007ff938c50000 - 0x00007ff938d00000 	C:\WINDOWS\WinSxS\amd64_microsoft.windows.common-controls_6595b64144ccf1df_5.82.19041.6280_none_792d7c952443c49a\COMCTL32.dll
0x00007ff950a10000 - 0x00007ff950c11000 	C:\WINDOWS\SYSTEM32\dbghelp.dll
0x00007ff939340000 - 0x00007ff9394e8000 	C:\WINDOWS\WinSxS\amd64_microsoft.windows.gdiplus_6595b64144ccf1df_1.1.19041.6456_none_91a399b0cc88bc24\gdiplus.dll
0x00007ff90e5b0000 - 0x00007ff90e643000 	C:\Users\kun\sourceNSU\scilab-2026.0.1\bin\libcurl.dll
0x00007ff952aa0000 - 0x00007ff952bfd000 	C:\WINDOWS\System32\CRYPT32.dll
0x0000000073000000 - 0x000000007311f000 	C:\Users\kun\sourceNSU\scilab-2026.0.1\bin\tcl85.dll
0x0000000072e40000 - 0x0000000072ffd000 	C:\Users\kun\sourceNSU\scilab-2026.0.1\bin\tk85.dll
0x00007ff9536a0000 - 0x00007ff95376d000 	C:\WINDOWS\System32\OLEAUT32.dll
0x00007ff953250000 - 0x00007ff95327f000 	C:\WINDOWS\System32\IMM32.dll
0x00007ff9461b0000 - 0x00007ff9461d7000 	C:\WINDOWS\SYSTEM32\WINMM.dll
0x00007ff90e180000 - 0x00007ff90e204000 	C:\Users\kun\sourceNSU\scilab-2026.0.1\bin\pcre2-16.dll
0x0000000072d60000 - 0x0000000072e31000 	C:\Users\kun\sourceNSU\scilab-2026.0.1\bin\MSVCR100.dll
0x00000000089f0000 - 0x0000000008a8a000 	C:\Users\kun\sourceNSU\scilab-2026.0.1\bin\coverage.dll
0x00000000089a0000 - 0x00000000089b0000 	C:\Users\kun\sourceNSU\scilab-2026.0.1\bin\scicommons.dll
0x0000000008a90000 - 0x0000000008aa7000 	C:\Users\kun\sourceNSU\scilab-2026.0.1\bin\scicompletion.dll
0x0000000008ad0000 - 0x0000000008b0f000 	C:\Users\kun\sourceNSU\scilab-2026.0.1\bin\core_gw.dll
0x0000000008ab0000 - 0x0000000008ac1000 	C:\Users\kun\sourceNSU\scilab-2026.0.1\bin\boolean_gw.dll
0x00000000089d0000 - 0x00000000089e0000 	C:\Users\kun\sourceNSU\scilab-2026.0.1\bin\console_gw.dll
0x0000000008b40000 - 0x0000000008b53000 	C:\Users\kun\sourceNSU\scilab-2026.0.1\bin\data_structures.dll
0x0000000008b70000 - 0x0000000008b82000 	C:\Users\kun\sourceNSU\scilab-2026.0.1\bin\dynamic_link_gw.dll
0x0000000008b90000 - 0x0000000008bd3000 	C:\Users\kun\sourceNSU\scilab-2026.0.1\bin\fileio_gw.dll
0x0000000008be0000 - 0x0000000008c22000 	C:\Users\kun\sourceNSU\scilab-2026.0.1\bin\differential_equations_gw.dll
0x0000000008c50000 - 0x0000000008c72000 	C:\Users\kun\sourceNSU\scilab-2026.0.1\bin\integer_gw.dll
0x0000000008ca0000 - 0x0000000008cf5000 	C:\Users\kun\sourceNSU\scilab-2026.0.1\bin\elementary_functions_gw.dll
0x0000000008d10000 - 0x0000000008d22000 	C:\Users\kun\sourceNSU\scilab-2026.0.1\bin\history_manager_gw.dll
0x0000000008d30000 - 0x0000000008d54000 	C:\Users\kun\sourceNSU\scilab-2026.0.1\bin\io_gw.dll
0x0000000008d60000 - 0x0000000008d83000 	C:\Users\kun\sourceNSU\scilab-2026.0.1\bin\linear_algebra_gw.dll
0x0000000008dd0000 - 0x0000000008de0000 	C:\Users\kun\sourceNSU\scilab-2026.0.1\bin\localization_gw.dll
0x0000000008de0000 - 0x0000000008df9000 	C:\Users\kun\sourceNSU\scilab-2026.0.1\bin\output_stream_gw.dll
0x0000000008e00000 - 0x0000000008e25000 	C:\Users\kun\sourceNSU\scilab-2026.0.1\bin\sparse_gw.dll
0x0000000008e30000 - 0x0000000008e5a000 	C:\Users\kun\sourceNSU\scilab-2026.0.1\bin\string_gw.dll
0x0000000008e90000 - 0x0000000008e9e000 	C:\Users\kun\sourceNSU\scilab-2026.0.1\bin\time_gw.dll
0x0000000008eb0000 - 0x0000000008ece000 	C:\Users\kun\sourceNSU\scilab-2026.0.1\bin\webtools_gw.dll
0x0000000008ee0000 - 0x0000000008f4d000 	C:\Users\kun\sourceNSU\scilab-2026.0.1\bin\api_scilab.dll
0x0000000008fd0000 - 0x0000000009019000 	C:\Users\kun\sourceNSU\scilab-2026.0.1\bin\scigraphic_objects.dll
0x0000000009070000 - 0x0000000009081000 	C:\Users\kun\sourceNSU\scilab-2026.0.1\bin\scirenderer.dll
0x0000000009090000 - 0x00000000090d3000 	C:\Users\kun\sourceNSU\scilab-2026.0.1\bin\webtools.dll
0x0000000009110000 - 0x000000000911d000 	C:\Users\kun\sourceNSU\scilab-2026.0.1\bin\history_browser.dll
0x0000000009130000 - 0x0000000009139000 	C:\Users\kun\sourceNSU\scilab-2026.0.1\bin\call_scilab.dll
0x0000000009150000 - 0x00000000091a5000 	C:\Users\kun\sourceNSU\scilab-2026.0.1\bin\sparse.dll
0x00000000091b0000 - 0x00000000092f0000 	C:\Users\kun\sourceNSU\scilab-2026.0.1\bin\patched_sundials.dll
0x00007ff90bbe0000 - 0x00007ff90bc90000 	C:\Users\kun\sourceNSU\scilab-2026.0.1\bin\archive.dll
0x00007ff9223b0000 - 0x00007ff9223d0000 	C:\Users\kun\sourceNSU\scilab-2026.0.1\bin\sparse_f.dll
0x00007ff922060000 - 0x00007ff922078000 	C:\Users\kun\sourceNSU\scilab-2026.0.1\bin\bz2.dll
0x00007ff910ab0000 - 0x00007ff910ad2000 	C:\Users\kun\sourceNSU\scilab-2026.0.1\bin\lz4.dll
0x00007ff910590000 - 0x00007ff9105c1000 	C:\Users\kun\sourceNSU\scilab-2026.0.1\bin\liblzma.dll
0x00007ff8def50000 - 0x00007ff8df2ec000 	C:\Users\kun\sourceNSU\scilab-2026.0.1\bin\libcrypto-3-x64.dll
0x00007ff8f7b30000 - 0x00007ff8f7bd1000 	C:\Users\kun\sourceNSU\scilab-2026.0.1\bin\zstd.dll
0x0000000009020000 - 0x0000000009052000 	C:\Users\kun\sourceNSU\scilab-2026.0.1\bin\external_objects.dll
0x0000000009340000 - 0x000000000935f000 	C:\Users\kun\sourceNSU\scilab-2026.0.1\bin\boolean.dll
0x0000000009360000 - 0x0000000009391000 	C:\Users\kun\sourceNSU\scilab-2026.0.1\bin\xml.dll
0x00000000093a0000 - 0x00000000093b1000 	C:\Users\kun\sourceNSU\scilab-2026.0.1\bin\arnoldi.dll
0x0000000009060000 - 0x000000000906f000 	C:\Users\kun\sourceNSU\scilab-2026.0.1\bin\linear_algebra.dll

dbghelp: loaded successfully - version: 4.0.5 - missing functions: none
symbol engine: initialized successfully - sym options: 0x614 - pdb path: .;C:\Users\kun\sourceNSU\scilab-2026.0.1\bin;C:\WINDOWS\SYSTEM32;C:\WINDOWS\WinSxS\amd64_microsoft.windows.common-controls_6595b64144ccf1df_5.82.19041.6280_none_792d7c952443c49a;C:\WINDOWS\WinSxS\amd64_microsoft.windows.gdiplus_6595b64144ccf1df_1.1.19041.6456_none_91a399b0cc88bc24;C:\Users\kun\sourceNSU\scilab-2026.0.1\java\jre\bin\server;C:\Users\kun\sourceNSU\scilab-2026.0.1\java\jre\bin;C:\Users\kun\sourceNSU\scilab-2026.0.1\bin\jcef;C:\WINDOWS\System32\DriverStore\FileRepository\iigd_dch.inf_amd64_af2dd92515fdd6b0;C:\WINDOWS\WinSxS\amd64_microsoft.windows.common-controls_6595b64144ccf1df_6.0.19041.6456_none_60b8a6cb71f64256;C:\Users\kun\SOURCE~1\SCILAB~1.1\bin\fftw

VM Arguments:
jvm_args: -Djava.library.path= -Djava.system.class.loader=org.scilab.modules.jvm.ScilabClassLoader -Xshare:off --add-opens=java.desktop/javax.swing.plaf.basic=ALL-UNNAMED --add-opens=java.base/java.lang=ALL-UNNAMED --add-opens=java.base/jdk.internal.loader=ALL-UNNAMED --add-opens=java.base/java.lang.reflect=ALL-UNNAMED -Djava.util.logging.config.file=C:\Users\kun\sourceNSU\scilab-2026.0.1/etc/logging.properties -Xrs -Djogamp.gluegen.UseTempJarCache=false 
java_command: <unknown>
java_class_path (initial): C:\Users\kun\sourceNSU\scilab-2026.0.1/modules/jvm/jar/org.scilab.modules.jvm.jar
Launcher Type: generic

[Global flags]
     intx CICompilerCount                          = 4                                         {product} {ergonomic}
     uint ConcGCThreads                            = 2                                         {product} {ergonomic}
     uint G1ConcRefinementThreads                  = 8                                         {product} {ergonomic}
   size_t G1HeapRegionSize                         = 1048576                                   {product} {ergonomic}
    uintx GCDrainStackTargetSize                   = 64                                        {product} {ergonomic}
   size_t InitialHeapSize                          = 130023424                                 {product} {ergonomic}
   size_t MarkStackSize                            = 4194304                                   {product} {ergonomic}
   size_t MaxHeapSize                              = 2076180480                                {product} {ergonomic}
   size_t MaxNewSize                               = 1245708288                                {product} {ergonomic}
   size_t MinHeapDeltaBytes                        = 1048576                                   {product} {ergonomic}
   size_t MinHeapSize                              = 8388608                                   {product} {ergonomic}
    uintx NonNMethodCodeHeapSize                   = 5839372                                {pd product} {ergonomic}
    uintx NonProfiledCodeHeapSize                  = 122909434                              {pd product} {ergonomic}
    uintx ProfiledCodeHeapSize                     = 122909434                              {pd product} {ergonomic}
     bool ReduceSignalUsage                        = true                                      {product} {command line}
     bool RequireSharedSpaces                      = false                                     {product} {command line}
    uintx ReservedCodeCacheSize                    = 251658240                              {pd product} {ergonomic}
     bool SegmentedCodeCache                       = true                                      {product} {ergonomic}
   size_t SoftMaxHeapSize                          = 2076180480                             {manageable} {ergonomic}
     bool UseCompressedClassPointers               = true                           {product lp64_product} {ergonomic}
     bool UseCompressedOops                        = true                           {product lp64_product} {ergonomic}
     bool UseG1GC                                  = true                                      {product} {ergonomic}
     bool UseLargePagesIndividualAllocation        = false                                  {pd product} {ergonomic}
     bool UseSharedSpaces                          = false                                     {product} {command line}

Logging:
Log output configuration:
 #0: stdout all=warning uptime,level,tags
 #1: stderr all=off uptime,level,tags

Environment Variables:
PATH=C:/Users/kun/sourceNSU/scilab-2026.0.1/bin;C:\Windows\system32;C:\Windows;C:\Windows\System32\Wbem;C:\Windows\System32\WindowsPowerShell\v1.0\;C:\Windows\System32\OpenSSH\;C:\Program Files\NVIDIA Corporation\NVIDIA NvDLISR;C:\WINDOWS\system32;C:\WINDOWS;C:\WINDOWS\System32\Wbem;C:\WINDOWS\System32\WindowsPowerShell\v1.0\;C:\WINDOWS\System32\OpenSSH\;C:\Program Files\TortoiseSVN\bin;C:\Program Files (x86)\STMicroelectronics\STM32 ST-LINK Utility\ST-LINK Utility;C:\Program Files\Go\bin;C:\Program Files\Docker\Docker\resources\bin;c:\Users\kun\AppData\Local\Programs\cursor\resources\app\bin;C:\Program Files\dotnet\;C:\Program Files (x86)\Incredibuild;C:\Program Files (x86)\Windows Kits\10\Windows Performance Toolkit\;C:\Program Files\Git\cmd;C:\Users\kun\AppData\Local\Packages\PythonSoftwareFoundation.Python.3.13_qbz5n2kfra8p0\LocalCache\local-packages\Python313\Scripts;C:\Users\kun\AppData\Local\Microsoft\WindowsApps;C:\Users\kun\AppData\Local\Programs\Microsoft VS Code\bin;C:\Users\kun\.dotnet\tools
USERNAME=kun
TMPDIR=C:\Users\kun\AppData\Local\Temp\SCI_TMP_17200_27291
OS=Windows_NT
PROCESSOR_IDENTIFIER=Intel64 Family 6 Model 140 Stepping 1, GenuineIntel
TMP=C:\Users\kun\AppData\Local\Temp
TEMP=C:\Users\kun\AppData\Local\Temp



---------------  S Y S T E M  ---------------

OS:
 Windows 10 , 64 bit Build 19041 (10.0.19041.5915)
OS uptime: 0 days 23:50 hours
Hyper-V role detected

CPU: total 8 (initial active 8) (4 cores per cpu, 2 threads per core) family 6 model 140 stepping 1 microcode 0xb8, cx8, cmov, fxsr, ht, mmx, 3dnowpref, sse, sse2, sse3, ssse3, sse4.1, sse4.2, popcnt, lzcnt, tsc, tscinvbit, avx, avx2, aes, erms, clmul, bmi1, bmi2, adx, avx512f, avx512dq, avx512cd, avx512bw, avx512vl, sha, fma, vzeroupper, avx512_vpopcntdq, avx512_vpclmulqdq, avx512_vaes, avx512_vnni, clflush, clflushopt, clwb, avx512_vbmi2, avx512_vbmi, hv

Memory: 4k page, system-wide physical 7914M (1060M free)
TotalPageFile size 22675M (AvailPageFile size 6791M)
current process WorkingSet (physical memory assigned to process): 509M, peak: 550M
current process commit charge ("private bytes"): 896M, peak: 916M

vm_info: OpenJDK 64-Bit Server VM (17.0.7+7) for windows-amd64 JRE (17.0.7+7), built on Apr 18 2023 22:10:42 by "temurin" with MS VC++ 16.7 (VS2019)

END.
